{"meta": {"format": 3, "version": "7.16.0", "timestamp": "2026-09-13T05:33:47.882449", "branch_coverage": true, "show_contexts": false}, "files": {"app\\__init__.py": {"executed_lines": [], "summary": {"covered_lines": 0, "num_statements": 0, "percent_covered": 100.0, "percent_covered_display": "100", "missing_lines": 0, "excluded_lines": 0, "percent_statements_covered": 100.0, "percent_statements_covered_display": "100", "num_branches": 0, "num_partial_branches": 0, "covered_branches": 0, "missing_branches": 0, "percent_branches_covered": 100.0, "percent_branches_covered_display": "100"}, "missing_lines": [], "excluded_lines": [], "executed_branches": [], "missing_branches": [], "functions": {"": {"executed_lines": [], "summary": {"covered_lines": 0, "num_statements": 0, "percent_covered": 100.0, "percent_covered_display": "100", "missing_lines": 0, "excluded_lines": 0, "percent_statements_covered": 100.0, "percent_statements_covered_display": "100", "num_branches": 0, "num_partial_branches": 0, "covered_branches": 0, "missing_branches": 0, "percent_branches_covered": 100.0, "percent_branches_covered_display": "100"}, "missing_lines": [], "excluded_lines": [], "start_line": 1, "executed_branches": [], "missing_branches": []}}, "classes": {"": {"executed_lines": [], "summary": {"covered_lines": 0, "num_statements": 0, "percent_covered": 100.0, "percent_covered_display": "100", "missing_lines": 0, "excluded_lines": 0, "percent_statements_covered": 100.0, "percent_statements_covered_display": "100", "num_branches": 0, "num_partial_branches": 0, "covered_branches": 0, "missing_branches": 0, "percent_branches_covered": 100.0, "percent_branches_covered_display": "100"}, "missing_lines": [], "excluded_lines": [], "start_line": 1, "executed_branches": [], "missing_branches": []}}}, "app\\action.py": {"executed_lines": [7, 9, 10, 11, 12, 13, 15, 16, 18, 32, 35, 36, 39, 42, 43, 44, 45, 46, 47, 48, 49, 50, 51, 52, 53, 54, 56, 57, 58, 59, 65, 66, 68, 69, 70, 71, 77, 78, 80, 82, 83, 84, 85, 86, 89, 91, 93, 94, 95, 96, 98, 99, 101, 103, 104, 105, 106, 107, 109, 111, 112, 113, 114, 116, 118, 120, 121, 123, 125, 126, 139, 140, 154, 155, 158], "summary": {"covered_lines": 75, "num_statements": 84, "percent_covered": 84.31372549019608, "percent_covered_display": "84", "missing_lines": 9, "excluded_lines": 0, "percent_statements_covered": 89.28571428571429, "percent_statements_covered_display": "89", "num_branches": 18, "num_partial_branches": 7, "covered_branches": 11, "missing_branches": 7, "percent_branches_covered": 61.111111111111114, "percent_branches_covered_display": "61"}, "missing_lines": [79, 87, 88, 90, 97, 100, 108, 115, 117], "excluded_lines": [], "executed_branches": [[59, 65], [59, 66], [71, 77], [71, 78], [78, 80], [89, 91], [96, 98], [99, 101], [107, 109], [114, 116], [116, 118]], "missing_branches": [[78, 79], [89, 90], [96, 97], [99, 100], [107, 108], [114, 115], [116, 117]], "functions": {"Action.host_is_exact_ascii_origin": {"executed_lines": [59, 65, 66], "summary": {"covered_lines": 3, "num_statements": 3, "percent_covered": 100.0, "percent_covered_display": "100", "missing_lines": 0, "excluded_lines": 0, "percent_statements_covered": 100.0, "percent_statements_covered_display": "100", "num_branches": 2, "num_partial_branches": 0, "covered_branches": 2, "missing_branches": 0, "percent_branches_covered": 100.0, "percent_branches_covered_display": "100"}, "missing_lines": [], "excluded_lines": [], "start_line": 58, "executed_branches": [[59, 65], [59, 66]], "missing_branches": []}, "Action.path_is_unambiguous": {"executed_lines": [71, 77, 78, 80], "summary": {"covered_lines": 4, "num_statements": 5, "percent_covered": 77.77777777777777, "percent_covered_display": "78", "missing_lines": 1, "excluded_lines": 0, "percent_statements_covered": 80.0, "percent_statements_covered_display": "80", "num_branches": 4, "num_partial_branches": 1, "covered_branches": 3, "missing_branches": 1, "percent_branches_covered": 75.0, "percent_branches_covered_display": "75"}, "missing_lines": [79], "excluded_lines": [], "start_line": 70, "executed_branches": [[71, 77], [71, 78], [78, 80]], "missing_branches": [[78, 79]]}, "Action.ip_is_canonical": {"executed_lines": [85, 86, 89, 91], "summary": {"covered_lines": 4, "num_statements": 7, "percent_covered": 55.55555555555556, "percent_covered_display": "56", "missing_lines": 3, "excluded_lines": 0, "percent_statements_covered": 57.142857142857146, "percent_statements_covered_display": "57", "num_branches": 2, "num_partial_branches": 1, "covered_branches": 1, "missing_branches": 1, "percent_branches_covered": 50.0, "percent_branches_covered_display": "50"}, "missing_lines": [87, 88, 90], "excluded_lines": [], "start_line": 84, "executed_branches": [[89, 91]], "missing_branches": [[89, 90]]}, "Action.spki_is_canonical_sha256": {"executed_lines": [96, 98, 99, 101], "summary": {"covered_lines": 4, "num_statements": 6, "percent_covered": 60.0, "percent_covered_display": "60", "missing_lines": 2, "excluded_lines": 0, "percent_statements_covered": 66.66666666666667, "percent_statements_covered_display": "67", "num_branches": 4, "num_partial_branches": 2, "covered_branches": 2, "missing_branches": 2, "percent_branches_covered": 50.0, "percent_branches_covered_display": "50"}, "missing_lines": [97, 100], "excluded_lines": [], "start_line": 95, "executed_branches": [[96, 98], [99, 101]], "missing_branches": [[96, 97], [99, 100]]}, "Action.body_is_canonical": {"executed_lines": [106, 107, 109], "summary": {"covered_lines": 3, "num_statements": 4, "percent_covered": 66.66666666666667, "percent_covered_display": "67", "missing_lines": 1, "excluded_lines": 0, "percent_statements_covered": 75.0, "percent_statements_covered_display": "75", "num_branches": 2, "num_partial_branches": 1, "covered_branches": 1, "missing_branches": 1, "percent_branches_covered": 50.0, "percent_branches_covered_display": "50"}, "missing_lines": [108], "excluded_lines": [], "start_line": 105, "executed_branches": [[107, 109]], "missing_branches": [[107, 108]]}, "Action.body_binding_is_correct": {"executed_lines": [113, 114, 116, 118], "summary": {"covered_lines": 4, "num_statements": 6, "percent_covered": 60.0, "percent_covered_display": "60", "missing_lines": 2, "excluded_lines": 0, "percent_statements_covered": 66.66666666666667, "percent_statements_covered_display": "67", "num_branches": 4, "num_partial_branches": 2, "covered_branches": 2, "missing_branches": 2, "percent_branches_covered": 50.0, "percent_branches_covered_display": "50"}, "missing_lines": [115, 117], "excluded_lines": [], "start_line": 112, "executed_branches": [[114, 116], [116, 118]], "missing_branches": [[114, 115], [116, 117]]}, "Action.from_wire": {"executed_lines": [123], "summary": {"covered_lines": 1, "num_statements": 1, "percent_covered": 100.0, "percent_covered_display": "100", "missing_lines": 0, "excluded_lines": 0, "percent_statements_covered": 100.0, "percent_statements_covered_display": "100", "num_branches": 0, "num_partial_branches": 0, "covered_branches": 0, "missing_branches": 0, "percent_branches_covered": 100.0, "percent_branches_covered_display": "100"}, "missing_lines": [], "excluded_lines": [], "start_line": 121, "executed_branches": [], "missing_branches": []}, "Action.build": {"executed_lines": [139, 140], "summary": {"covered_lines": 2, "num_statements": 2, "percent_covered": 100.0, "percent_covered_display": "100", "missing_lines": 0, "excluded_lines": 0, "percent_statements_covered": 100.0, "percent_statements_covered_display": "100", "num_branches": 0, "num_partial_branches": 0, "covered_branches": 0, "missing_branches": 0, "percent_branches_covered": 100.0, "percent_branches_covered_display": "100"}, "missing_lines": [], "excluded_lines": [], "start_line": 126, "executed_branches": [], "missing_branches": []}, "Action.digest": {"executed_lines": [155], "summary": {"covered_lines": 1, "num_statements": 1, "percent_covered": 100.0, "percent_covered_display": "100", "missing_lines": 0, "excluded_lines": 0, "percent_statements_covered": 100.0, "percent_statements_covered_display": "100", "num_branches": 0, "num_partial_branches": 0, "covered_branches": 0, "missing_branches": 0, "percent_branches_covered": 100.0, "percent_branches_covered_display": "100"}, "missing_lines": [], "excluded_lines": [], "start_line": 154, "executed_branches": [], "missing_branches": []}, "": {"executed_lines": [7, 9, 10, 11, 12, 13, 15, 16, 18, 32, 35, 36, 39, 42, 43, 44, 45, 46, 47, 48, 49, 50, 51, 52, 53, 54, 56, 57, 58, 68, 69, 70, 82, 83, 84, 93, 94, 95, 103, 104, 105, 111, 112, 120, 121, 125, 126, 154, 158], "summary": {"covered_lines": 49, "num_statements": 49, "percent_covered": 100.0, "percent_covered_display": "100", "missing_lines": 0, "excluded_lines": 0, "percent_statements_covered": 100.0, "percent_statements_covered_display": "100", "num_branches": 0, "num_partial_branches": 0, "covered_branches": 0, "missing_branches": 0, "percent_branches_covered": 100.0, "percent_branches_covered_display": "100"}, "missing_lines": [], "excluded_lines": [], "start_line": 1, "executed_branches": [], "missing_branches": []}}, "classes": {"Action": {"executed_lines": [59, 65, 66, 71, 77, 78, 80, 85, 86, 89, 91, 96, 98, 99, 101, 106, 107, 109, 113, 114, 116, 118, 123, 139, 140, 155], "summary": {"covered_lines": 26, "num_statements": 35, "percent_covered": 69.81132075471699, "percent_covered_display": "70", "missing_lines": 9, "excluded_lines": 0, "percent_statements_covered": 74.28571428571429, "percent_statements_covered_display": "74", "num_branches": 18, "num_partial_branches": 7, "covered_branches": 11, "missing_branches": 7, "percent_branches_covered": 61.111111111111114, "percent_branches_covered_display": "61"}, "missing_lines": [79, 87, 88, 90, 97, 100, 108, 115, 117], "excluded_lines": [], "start_line": 39, "executed_branches": [[59, 65], [59, 66], [71, 77], [71, 78], [78, 80], [89, 91], [96, 98], [99, 101], [107, 109], [114, 116], [116, 118]], "missing_branches": [[78, 79], [89, 90], [96, 97], [99, 100], [107, 108], [114, 115], [116, 117]]}, "": {"executed_lines": [7, 9, 10, 11, 12, 13, 15, 16, 18, 32, 35, 36, 39, 42, 43, 44, 45, 46, 47, 48, 49, 50, 51, 52, 53, 54, 56, 57, 58, 68, 69, 70, 82, 83, 84, 93, 94, 95, 103, 104, 105, 111, 112, 120, 121, 125, 126, 154, 158], "summary": {"covered_lines": 49, "num_statements": 49, "percent_covered": 100.0, "percent_covered_display": "100", "missing_lines": 0, "excluded_lines": 0, "percent_statements_covered": 100.0, "percent_statements_covered_display": "100", "num_branches": 0, "num_partial_branches": 0, "covered_branches": 0, "missing_branches": 0, "percent_branches_covered": 100.0, "percent_branches_covered_display": "100"}, "missing_lines": [], "excluded_lines": [], "start_line": 1, "executed_branches": [], "missing_branches": []}}}, "app\\evidence.py": {"executed_lines": [3, 5, 6, 7, 8, 9, 10, 11, 13, 23, 24, 27, 28, 31, 39, 50, 51, 52, 53, 54, 55, 56, 57, 58, 59, 60, 61, 66, 75, 76, 78, 80, 83, 99, 100, 105, 106, 108, 119, 120, 121, 122, 123, 130, 131, 133, 135, 136, 137, 139, 141, 142, 144, 145, 146, 148, 151, 155, 159, 160, 161, 164, 166, 167, 168, 171, 173, 174, 175, 177, 180], "summary": {"covered_lines": 71, "num_statements": 88, "percent_covered": 75.92592592592592, "percent_covered_display": "76", "missing_lines": 17, "excluded_lines": 0, "percent_statements_covered": 80.68181818181819, "percent_statements_covered_display": "81", "num_branches": 20, "num_partial_branches": 7, "covered_branches": 11, "missing_branches": 9, "percent_branches_covered": 55.0, "percent_branches_covered_display": "55"}, "missing_lines": [62, 63, 64, 77, 79, 101, 102, 103, 104, 149, 152, 153, 156, 157, 170, 172, 176], "excluded_lines": [], "executed_branches": [[61, -39], [76, 78], [78, 80], [100, 105], [119, 120], [119, 121], [166, -164], [166, 167], [167, 168], [171, 173], [175, 177]], "missing_branches": [[61, 62], [63, -39], [63, 64], [76, 77], [78, 79], [100, 101], [167, 170], [171, 172], [175, 176]], "functions": {"utc_now": {"executed_lines": [28], "summary": {"covered_lines": 1, "num_statements": 1, "percent_covered": 100.0, "percent_covered_display": "100", "missing_lines": 0, "excluded_lines": 0, "percent_statements_covered": 100.0, "percent_statements_covered_display": "100", "num_branches": 0, "num_partial_branches": 0, "covered_branches": 0, "missing_branches": 0, "percent_branches_covered": 100.0, "percent_branches_covered_display": "100"}, "missing_lines": [], "excluded_lines": [], "start_line": 27, "executed_branches": [], "missing_branches": []}, "EvidenceLedger.__init__": {"executed_lines": [50, 51, 52, 53, 54, 55, 56, 57, 58, 59, 60, 61], "summary": {"covered_lines": 12, "num_statements": 15, "percent_covered": 68.42105263157895, "percent_covered_display": "68", "missing_lines": 3, "excluded_lines": 0, "percent_statements_covered": 80.0, "percent_statements_covered_display": "80", "num_branches": 4, "num_partial_branches": 1, "covered_branches": 1, "missing_branches": 3, "percent_branches_covered": 25.0, "percent_branches_covered_display": "25"}, "missing_lines": [62, 63, 64], "excluded_lines": [], "start_line": 39, "executed_branches": [[61, -39]], "missing_branches": [[61, 62], [63, -39], [63, 64]]}, "EvidenceLedger.append": {"executed_lines": [75, 76, 78, 80, 83, 99, 100, 105, 106], "summary": {"covered_lines": 9, "num_statements": 15, "percent_covered": 57.142857142857146, "percent_covered_display": "57", "missing_lines": 6, "excluded_lines": 0, "percent_statements_covered": 60.0, "percent_statements_covered_display": "60", "num_branches": 6, "num_partial_branches": 3, "covered_branches": 3, "missing_branches": 3, "percent_branches_covered": 50.0, "percent_branches_covered_display": "50"}, "missing_lines": [77, 79, 101, 102, 103, 104], "excluded_lines": [], "start_line": 66, "executed_branches": [[76, 78], [78, 80], [100, 105]], "missing_branches": [[76, 77], [78, 79], [100, 101]]}, "EvidenceLedger.commit": {"executed_lines": [119, 120, 121, 122, 123, 130, 131, 133], "summary": {"covered_lines": 8, "num_statements": 8, "percent_covered": 100.0, "percent_covered_display": "100", "missing_lines": 0, "excluded_lines": 0, "percent_statements_covered": 100.0, "percent_statements_covered_display": "100", "num_branches": 2, "num_partial_branches": 0, "covered_branches": 2, "missing_branches": 0, "percent_branches_covered": 100.0, "percent_branches_covered_display": "100"}, "missing_lines": [], "excluded_lines": [], "start_line": 108, "executed_branches": [[119, 120], [119, 121]], "missing_branches": []}, "EvidenceLedger.events": {"executed_lines": [136, 137], "summary": {"covered_lines": 2, "num_statements": 2, "percent_covered": 100.0, "percent_covered_display": "100", "missing_lines": 0, "excluded_lines": 0, "percent_statements_covered": 100.0, "percent_statements_covered_display": "100", "num_branches": 0, "num_partial_branches": 0, "covered_branches": 0, "missing_branches": 0, "percent_branches_covered": 100.0, "percent_branches_covered_display": "100"}, "missing_lines": [], "excluded_lines": [], "start_line": 135, "executed_branches": [], "missing_branches": []}, "EvidenceLedger.seal": {"executed_lines": [141, 142], "summary": {"covered_lines": 2, "num_statements": 2, "percent_covered": 100.0, "percent_covered_display": "100", "missing_lines": 0, "excluded_lines": 0, "percent_statements_covered": 100.0, "percent_statements_covered_display": "100", "num_branches": 0, "num_partial_branches": 0, "covered_branches": 0, "missing_branches": 0, "percent_branches_covered": 100.0, "percent_branches_covered_display": "100"}, "missing_lines": [], "excluded_lines": [], "start_line": 139, "executed_branches": [], "missing_branches": []}, "EvidenceLedger.canonical_jsonl_bytes": {"executed_lines": [145, 146], "summary": {"covered_lines": 2, "num_statements": 2, "percent_covered": 100.0, "percent_covered_display": "100", "missing_lines": 0, "excluded_lines": 0, "percent_statements_covered": 100.0, "percent_statements_covered_display": "100", "num_branches": 0, "num_partial_branches": 0, "covered_branches": 0, "missing_branches": 0, "percent_branches_covered": 100.0, "percent_branches_covered_display": "100"}, "missing_lines": [], "excluded_lines": [], "start_line": 144, "executed_branches": [], "missing_branches": []}, "EvidenceLedger.evidence_digest": {"executed_lines": [], "summary": {"covered_lines": 0, "num_statements": 1, "percent_covered": 0.0, "percent_covered_display": "0", "missing_lines": 1, "excluded_lines": 0, "percent_statements_covered": 0.0, "percent_statements_covered_display": "0", "num_branches": 0, "num_partial_branches": 0, "covered_branches": 0, "missing_branches": 0, "percent_branches_covered": 100.0, "percent_branches_covered_display": "100"}, "missing_lines": [149], "excluded_lines": [], "start_line": 148, "executed_branches": [], "missing_branches": []}, "EvidenceLedger.first_hash": {"executed_lines": [], "summary": {"covered_lines": 0, "num_statements": 2, "percent_covered": 0.0, "percent_covered_display": "0", "missing_lines": 2, "excluded_lines": 0, "percent_statements_covered": 0.0, "percent_statements_covered_display": "0", "num_branches": 0, "num_partial_branches": 0, "covered_branches": 0, "missing_branches": 0, "percent_branches_covered": 100.0, "percent_branches_covered_display": "100"}, "missing_lines": [152, 153], "excluded_lines": [], "start_line": 151, "executed_branches": [], "missing_branches": []}, "EvidenceLedger.final_hash": {"executed_lines": [], "summary": {"covered_lines": 0, "num_statements": 2, "percent_covered": 0.0, "percent_covered_display": "0", "missing_lines": 2, "excluded_lines": 0, "percent_statements_covered": 0.0, "percent_statements_covered_display": "0", "num_branches": 0, "num_partial_branches": 0, "covered_branches": 0, "missing_branches": 0, "percent_branches_covered": 100.0, "percent_branches_covered_display": "100"}, "missing_lines": [156, 157], "excluded_lines": [], "start_line": 155, "executed_branches": [], "missing_branches": []}, "EvidenceLedger.__len__": {"executed_lines": [160, 161], "summary": {"covered_lines": 2, "num_statements": 2, "percent_covered": 100.0, "percent_covered_display": "100", "missing_lines": 0, "excluded_lines": 0, "percent_statements_covered": 100.0, "percent_statements_covered_display": "100", "num_branches": 0, "num_partial_branches": 0, "covered_branches": 0, "missing_branches": 0, "percent_branches_covered": 100.0, "percent_branches_covered_display": "100"}, "missing_lines": [], "excluded_lines": [], "start_line": 159, "executed_branches": [], "missing_branches": []}, "iter_canonical_jsonl": {"executed_lines": [166, 167, 168, 171, 173, 174, 175, 177], "summary": {"covered_lines": 8, "num_statements": 11, "percent_covered": 68.42105263157895, "percent_covered_display": "68", "missing_lines": 3, "excluded_lines": 0, "percent_statements_covered": 72.72727272727273, "percent_statements_covered_display": "73", "num_branches": 8, "num_partial_branches": 3, "covered_branches": 5, "missing_branches": 3, "percent_branches_covered": 62.5, "percent_branches_covered_display": "62"}, "missing_lines": [170, 172, 176], "excluded_lines": [], "start_line": 164, "executed_branches": [[166, -164], [166, 167], [167, 168], [171, 173], [175, 177]], "missing_branches": [[167, 170], [171, 172], [175, 176]]}, "": {"executed_lines": [3, 5, 6, 7, 8, 9, 10, 11, 13, 23, 24, 27, 31, 39, 66, 108, 135, 139, 144, 148, 151, 155, 159, 164, 180], "summary": {"covered_lines": 25, "num_statements": 25, "percent_covered": 100.0, "percent_covered_display": "100", "missing_lines": 0, "excluded_lines": 0, "percent_statements_covered": 100.0, "percent_statements_covered_display": "100", "num_branches": 0, "num_partial_branches": 0, "covered_branches": 0, "missing_branches": 0, "percent_branches_covered": 100.0, "percent_branches_covered_display": "100"}, "missing_lines": [], "excluded_lines": [], "start_line": 1, "executed_branches": [], "missing_branches": []}}, "classes": {"EvidenceLedger": {"executed_lines": [50, 51, 52, 53, 54, 55, 56, 57, 58, 59, 60, 61, 75, 76, 78, 80, 83, 99, 100, 105, 106, 119, 120, 121, 122, 123, 130, 131, 133, 136, 137, 141, 142, 145, 146, 160, 161], "summary": {"covered_lines": 37, "num_statements": 51, "percent_covered": 68.25396825396825, "percent_covered_display": "68", "missing_lines": 14, "excluded_lines": 0, "percent_statements_covered": 72.54901960784314, "percent_statements_covered_display": "73", "num_branches": 12, "num_partial_branches": 4, "covered_branches": 6, "missing_branches": 6, "percent_branches_covered": 50.0, "percent_branches_covered_display": "50"}, "missing_lines": [62, 63, 64, 77, 79, 101, 102, 103, 104, 149, 152, 153, 156, 157], "excluded_lines": [], "start_line": 31, "executed_branches": [[61, -39], [76, 78], [78, 80], [100, 105], [119, 120], [119, 121]], "missing_branches": [[61, 62], [63, -39], [63, 64], [76, 77], [78, 79], [100, 101]]}, "": {"executed_lines": [3, 5, 6, 7, 8, 9, 10, 11, 13, 23, 24, 27, 28, 31, 39, 66, 108, 135, 139, 144, 148, 151, 155, 159, 164, 166, 167, 168, 171, 173, 174, 175, 177, 180], "summary": {"covered_lines": 34, "num_statements": 37, "percent_covered": 86.66666666666667, "percent_covered_display": "87", "missing_lines": 3, "excluded_lines": 0, "percent_statements_covered": 91.89189189189189, "percent_statements_covered_display": "92", "num_branches": 8, "num_partial_branches": 3, "covered_branches": 5, "missing_branches": 3, "percent_branches_covered": 62.5, "percent_branches_covered_display": "62"}, "missing_lines": [170, 172, 176], "excluded_lines": [], "start_line": 1, "executed_branches": [[166, -164], [166, 167], [167, 168], [171, 173], [175, 177]], "missing_branches": [[167, 170], [171, 172], [175, 176]]}}}, "app\\executor.py": {"executed_lines": [3, 5, 6, 7, 9, 10, 11, 12, 15, 16, 17, 18, 19, 22, 23, 24, 27, 30, 31, 32, 34, 35, 36, 38, 39, 40, 42, 43, 44, 46, 47, 48, 49, 50, 51, 54, 57, 58, 60, 61, 63, 71, 73, 74, 79, 82, 94, 95, 96, 97, 98, 99, 100, 101, 103, 110, 111, 112, 120, 126, 127, 129, 131, 132, 144, 145, 146, 152, 153, 159, 162, 163, 178, 183, 184, 185, 186, 187, 188, 189, 191, 192, 195], "summary": {"covered_lines": 83, "num_statements": 91, "percent_covered": 87.1559633027523, "percent_covered_display": "87", "missing_lines": 8, "excluded_lines": 0, "percent_statements_covered": 91.20879120879121, "percent_statements_covered_display": "91", "num_branches": 18, "num_partial_branches": 6, "covered_branches": 12, "missing_branches": 6, "percent_branches_covered": 66.66666666666667, "percent_branches_covered_display": "67"}, "missing_lines": [37, 62, 72, 75, 76, 118, 128, 160], "excluded_lines": [], "executed_branches": [[36, 38], [49, 50], [49, 51], [61, 63], [71, 73], [112, 120], [127, 129], [159, 162], [184, 185], [184, 186], [186, 187], [186, 188]], "missing_branches": [[36, 37], [61, 62], [71, 72], [112, 118], [127, 128], [159, 160]], "functions": {"InflightRegistry.__init__": {"executed_lines": [31, 32], "summary": {"covered_lines": 2, "num_statements": 2, "percent_covered": 100.0, "percent_covered_display": "100", "missing_lines": 0, "excluded_lines": 0, "percent_statements_covered": 100.0, "percent_statements_covered_display": "100", "num_branches": 0, "num_partial_branches": 0, "covered_branches": 0, "missing_branches": 0, "percent_branches_covered": 100.0, "percent_branches_covered_display": "100"}, "missing_lines": [], "excluded_lines": [], "start_line": 30, "executed_branches": [], "missing_branches": []}, "InflightRegistry.register": {"executed_lines": [35, 36, 38, 39, 40], "summary": {"covered_lines": 5, "num_statements": 6, "percent_covered": 75.0, "percent_covered_display": "75", "missing_lines": 1, "excluded_lines": 0, "percent_statements_covered": 83.33333333333333, "percent_statements_covered_display": "83", "num_branches": 2, "num_partial_branches": 1, "covered_branches": 1, "missing_branches": 1, "percent_branches_covered": 50.0, "percent_branches_covered_display": "50"}, "missing_lines": [37], "excluded_lines": [], "start_line": 34, "executed_branches": [[36, 38]], "missing_branches": [[36, 37]]}, "InflightRegistry.unregister": {"executed_lines": [43, 44], "summary": {"covered_lines": 2, "num_statements": 2, "percent_covered": 100.0, "percent_covered_display": "100", "missing_lines": 0, "excluded_lines": 0, "percent_statements_covered": 100.0, "percent_statements_covered_display": "100", "num_branches": 0, "num_partial_branches": 0, "covered_branches": 0, "missing_branches": 0, "percent_branches_covered": 100.0, "percent_branches_covered_display": "100"}, "missing_lines": [], "excluded_lines": [], "start_line": 42, "executed_branches": [], "missing_branches": []}, "InflightRegistry.signal_all": {"executed_lines": [47, 48, 49, 50, 51], "summary": {"covered_lines": 5, "num_statements": 5, "percent_covered": 100.0, "percent_covered_display": "100", "missing_lines": 0, "excluded_lines": 0, "percent_statements_covered": 100.0, "percent_statements_covered_display": "100", "num_branches": 2, "num_partial_branches": 0, "covered_branches": 2, "missing_branches": 0, "percent_branches_covered": 100.0, "percent_branches_covered_display": "100"}, "missing_lines": [], "excluded_lines": [], "start_line": 46, "executed_branches": [[49, 50], [49, 51]], "missing_branches": []}, "CredentialBroker.__init__": {"executed_lines": [58], "summary": {"covered_lines": 1, "num_statements": 1, "percent_covered": 100.0, "percent_covered_display": "100", "missing_lines": 0, "excluded_lines": 0, "percent_statements_covered": 100.0, "percent_statements_covered_display": "100", "num_branches": 0, "num_partial_branches": 0, "covered_branches": 0, "missing_branches": 0, "percent_branches_covered": 100.0, "percent_branches_covered_display": "100"}, "missing_lines": [], "excluded_lines": [], "start_line": 57, "executed_branches": [], "missing_branches": []}, "CredentialBroker.release": {"executed_lines": [61, 63, 71, 73, 74], "summary": {"covered_lines": 5, "num_statements": 9, "percent_covered": 53.84615384615385, "percent_covered_display": "54", "missing_lines": 4, "excluded_lines": 0, "percent_statements_covered": 55.55555555555556, "percent_statements_covered_display": "56", "num_branches": 4, "num_partial_branches": 2, "covered_branches": 2, "missing_branches": 2, "percent_branches_covered": 50.0, "percent_branches_covered_display": "50"}, "missing_lines": [62, 72, 75, 76], "excluded_lines": [], "start_line": 60, "executed_branches": [[61, 63], [71, 73]], "missing_branches": [[61, 62], [71, 72]]}, "Executor.__init__": {"executed_lines": [94, 95, 96, 97, 98, 99, 100, 101], "summary": {"covered_lines": 8, "num_statements": 8, "percent_covered": 100.0, "percent_covered_display": "100", "missing_lines": 0, "excluded_lines": 0, "percent_statements_covered": 100.0, "percent_statements_covered_display": "100", "num_branches": 0, "num_partial_branches": 0, "covered_branches": 0, "missing_branches": 0, "percent_branches_covered": 100.0, "percent_branches_covered_display": "100"}, "missing_lines": [], "excluded_lines": [], "start_line": 82, "executed_branches": [], "missing_branches": []}, "Executor.dispatch": {"executed_lines": [110, 111, 112, 120, 126, 127, 129, 131, 144, 145, 146, 152, 153, 159, 162, 178, 183, 184, 185, 186, 187, 188, 189, 191, 192], "summary": {"covered_lines": 25, "num_statements": 28, "percent_covered": 84.21052631578948, "percent_covered_display": "84", "missing_lines": 3, "excluded_lines": 0, "percent_statements_covered": 89.28571428571429, "percent_statements_covered_display": "89", "num_branches": 10, "num_partial_branches": 3, "covered_branches": 7, "missing_branches": 3, "percent_branches_covered": 70.0, "percent_branches_covered_display": "70"}, "missing_lines": [118, 128, 160], "excluded_lines": [], "start_line": 103, "executed_branches": [[112, 120], [127, 129], [159, 162], [184, 185], [184, 186], [186, 187], [186, 188]], "missing_branches": [[112, 118], [127, 128], [159, 160]]}, "Executor.dispatch.commit_dispatch": {"executed_lines": [132], "summary": {"covered_lines": 1, "num_statements": 1, "percent_covered": 100.0, "percent_covered_display": "100", "missing_lines": 0, "excluded_lines": 0, "percent_statements_covered": 100.0, "percent_statements_covered_display": "100", "num_branches": 0, "num_partial_branches": 0, "covered_branches": 0, "missing_branches": 0, "percent_branches_covered": 100.0, "percent_branches_covered_display": "100"}, "missing_lines": [], "excluded_lines": [], "start_line": 131, "executed_branches": [], "missing_branches": []}, "Executor.dispatch.commit_result": {"executed_lines": [163], "summary": {"covered_lines": 1, "num_statements": 1, "percent_covered": 100.0, "percent_covered_display": "100", "missing_lines": 0, "excluded_lines": 0, "percent_statements_covered": 100.0, "percent_statements_covered_display": "100", "num_branches": 0, "num_partial_branches": 0, "covered_branches": 0, "missing_branches": 0, "percent_branches_covered": 100.0, "percent_branches_covered_display": "100"}, "missing_lines": [], "excluded_lines": [], "start_line": 162, "executed_branches": [], "missing_branches": []}, "": {"executed_lines": [3, 5, 6, 7, 9, 10, 11, 12, 15, 16, 17, 18, 19, 22, 23, 24, 27, 30, 34, 42, 46, 54, 57, 60, 79, 82, 103, 195], "summary": {"covered_lines": 28, "num_statements": 28, "percent_covered": 100.0, "percent_covered_display": "100", "missing_lines": 0, "excluded_lines": 0, "percent_statements_covered": 100.0, "percent_statements_covered_display": "100", "num_branches": 0, "num_partial_branches": 0, "covered_branches": 0, "missing_branches": 0, "percent_branches_covered": 100.0, "percent_branches_covered_display": "100"}, "missing_lines": [], "excluded_lines": [], "start_line": 1, "executed_branches": [], "missing_branches": []}}, "classes": {"TransportResult": {"executed_lines": [], "summary": {"covered_lines": 0, "num_statements": 0, "percent_covered": 100.0, "percent_covered_display": "100", "missing_lines": 0, "excluded_lines": 0, "percent_statements_covered": 100.0, "percent_statements_covered_display": "100", "num_branches": 0, "num_partial_branches": 0, "covered_branches": 0, "missing_branches": 0, "percent_branches_covered": 100.0, "percent_branches_covered_display": "100"}, "missing_lines": [], "excluded_lines": [], "start_line": 16, "executed_branches": [], "missing_branches": []}, "InflightRegistry": {"executed_lines": [31, 32, 35, 36, 38, 39, 40, 43, 44, 47, 48, 49, 50, 51], "summary": {"covered_lines": 14, "num_statements": 15, "percent_covered": 89.47368421052632, "percent_covered_display": "89", "missing_lines": 1, "excluded_lines": 0, "percent_statements_covered": 93.33333333333333, "percent_statements_covered_display": "93", "num_branches": 4, "num_partial_branches": 1, "covered_branches": 3, "missing_branches": 1, "percent_branches_covered": 75.0, "percent_branches_covered_display": "75"}, "missing_lines": [37], "excluded_lines": [], "start_line": 27, "executed_branches": [[36, 38], [49, 50], [49, 51]], "missing_branches": [[36, 37]]}, "CredentialBroker": {"executed_lines": [58, 61, 63, 71, 73, 74], "summary": {"covered_lines": 6, "num_statements": 10, "percent_covered": 57.142857142857146, "percent_covered_display": "57", "missing_lines": 4, "excluded_lines": 0, "percent_statements_covered": 60.0, "percent_statements_covered_display": "60", "num_branches": 4, "num_partial_branches": 2, "covered_branches": 2, "missing_branches": 2, "percent_branches_covered": 50.0, "percent_branches_covered_display": "50"}, "missing_lines": [62, 72, 75, 76], "excluded_lines": [], "start_line": 54, "executed_branches": [[61, 63], [71, 73]], "missing_branches": [[61, 62], [71, 72]]}, "Executor": {"executed_lines": [94, 95, 96, 97, 98, 99, 100, 101, 110, 111, 112, 120, 126, 127, 129, 131, 132, 144, 145, 146, 152, 153, 159, 162, 163, 178, 183, 184, 185, 186, 187, 188, 189, 191, 192], "summary": {"covered_lines": 35, "num_statements": 38, "percent_covered": 87.5, "percent_covered_display": "88", "missing_lines": 3, "excluded_lines": 0, "percent_statements_covered": 92.10526315789474, "percent_statements_covered_display": "92", "num_branches": 10, "num_partial_branches": 3, "covered_branches": 7, "missing_branches": 3, "percent_branches_covered": 70.0, "percent_branches_covered_display": "70"}, "missing_lines": [118, 128, 160], "excluded_lines": [], "start_line": 79, "executed_branches": [[112, 120], [127, 129], [159, 162], [184, 185], [184, 186], [186, 187], [186, 188]], "missing_branches": [[112, 118], [127, 128], [159, 160]]}, "": {"executed_lines": [3, 5, 6, 7, 9, 10, 11, 12, 15, 16, 17, 18, 19, 22, 23, 24, 27, 30, 34, 42, 46, 54, 57, 60, 79, 82, 103, 195], "summary": {"covered_lines": 28, "num_statements": 28, "percent_covered": 100.0, "percent_covered_display": "100", "missing_lines": 0, "excluded_lines": 0, "percent_statements_covered": 100.0, "percent_statements_covered_display": "100", "num_branches": 0, "num_partial_branches": 0, "covered_branches": 0, "missing_branches": 0, "percent_branches_covered": 100.0, "percent_branches_covered_display": "100"}, "missing_lines": [], "excluded_lines": [], "start_line": 1, "executed_branches": [], "missing_branches": []}}}, "app\\factory.py": {"executed_lines": [3, 5, 6, 7, 8, 10, 11, 13, 14, 15, 16, 27, 28, 31, 32, 36, 39, 40, 43, 44, 45, 46, 47, 48, 50, 51, 52, 60, 61, 62, 63, 64, 65, 66, 67, 68, 69, 70, 73, 88, 89, 90, 91, 92, 104, 116, 150, 151, 152, 158, 160, 161, 162, 164, 168, 169, 179, 188, 189, 191, 192, 194, 196, 202, 217, 230], "summary": {"covered_lines": 66, "num_statements": 69, "percent_covered": 92.0, "percent_covered_display": "92", "missing_lines": 3, "excluded_lines": 0, "percent_statements_covered": 95.65217391304348, "percent_statements_covered_display": "96", "num_branches": 6, "num_partial_branches": 3, "covered_branches": 3, "missing_branches": 3, "percent_branches_covered": 50.0, "percent_branches_covered_display": "50"}, "missing_lines": [190, 193, 195], "excluded_lines": [], "executed_branches": [[189, 191], [192, 194], [194, 196]], "missing_branches": [[189, 190], [192, 193], [194, 195]], "functions": {"_public": {"executed_lines": [32, 36], "summary": {"covered_lines": 2, "num_statements": 2, "percent_covered": 100.0, "percent_covered_display": "100", "missing_lines": 0, "excluded_lines": 0, "percent_statements_covered": 100.0, "percent_statements_covered_display": "100", "num_branches": 0, "num_partial_branches": 0, "covered_branches": 0, "missing_branches": 0, "percent_branches_covered": 100.0, "percent_branches_covered_display": "100"}, "missing_lines": [], "excluded_lines": [], "start_line": 31, "executed_branches": [], "missing_branches": []}, "demo_spki_pin": {"executed_lines": [40], "summary": {"covered_lines": 1, "num_statements": 1, "percent_covered": 100.0, "percent_covered_display": "100", "missing_lines": 0, "excluded_lines": 0, "percent_statements_covered": 100.0, "percent_statements_covered_display": "100", "num_branches": 0, "num_partial_branches": 0, "covered_branches": 0, "missing_branches": 0, "percent_branches_covered": 100.0, "percent_branches_covered_display": "100"}, "missing_lines": [], "excluded_lines": [], "start_line": 39, "executed_branches": [], "missing_branches": []}, "KeyBundle.generate": {"executed_lines": [52], "summary": {"covered_lines": 1, "num_statements": 1, "percent_covered": 100.0, "percent_covered_display": "100", "missing_lines": 0, "excluded_lines": 0, "percent_statements_covered": 100.0, "percent_statements_covered_display": "100", "num_branches": 0, "num_partial_branches": 0, "covered_branches": 0, "missing_branches": 0, "percent_branches_covered": 100.0, "percent_branches_covered_display": "100"}, "missing_lines": [], "excluded_lines": [], "start_line": 51, "executed_branches": [], "missing_branches": []}, "build_reference_runtime": {"executed_lines": [88, 89, 90, 91, 92, 104, 116, 150, 151, 152, 158, 160, 164, 168, 169, 179, 188, 202, 217], "summary": {"covered_lines": 19, "num_statements": 19, "percent_covered": 100.0, "percent_covered_display": "100", "missing_lines": 0, "excluded_lines": 0, "percent_statements_covered": 100.0, "percent_statements_covered_display": "100", "num_branches": 0, "num_partial_branches": 0, "covered_branches": 0, "missing_branches": 0, "percent_branches_covered": 100.0, "percent_branches_covered_display": "100"}, "missing_lines": [], "excluded_lines": [], "start_line": 73, "executed_branches": [], "missing_branches": []}, "build_reference_runtime.isolate": {"executed_lines": [161, 162], "summary": {"covered_lines": 2, "num_statements": 2, "percent_covered": 100.0, "percent_covered_display": "100", "missing_lines": 0, "excluded_lines": 0, "percent_statements_covered": 100.0, "percent_statements_covered_display": "100", "num_branches": 0, "num_partial_branches": 0, "covered_branches": 0, "missing_branches": 0, "percent_branches_covered": 100.0, "percent_branches_covered_display": "100"}, "missing_lines": [], "excluded_lines": [], "start_line": 160, "executed_branches": [], "missing_branches": []}, "build_reference_runtime.transport": {"executed_lines": [189, 191, 192, 194, 196], "summary": {"covered_lines": 5, "num_statements": 8, "percent_covered": 57.142857142857146, "percent_covered_display": "57", "missing_lines": 3, "excluded_lines": 0, "percent_statements_covered": 62.5, "percent_statements_covered_display": "62", "num_branches": 6, "num_partial_branches": 3, "covered_branches": 3, "missing_branches": 3, "percent_branches_covered": 50.0, "percent_branches_covered_display": "50"}, "missing_lines": [190, 193, 195], "excluded_lines": [], "start_line": 188, "executed_branches": [[189, 191], [192, 194], [194, 196]], "missing_branches": [[189, 190], [192, 193], [194, 195]]}, "": {"executed_lines": [3, 5, 6, 7, 8, 10, 11, 13, 14, 15, 16, 27, 28, 31, 39, 43, 44, 45, 46, 47, 48, 50, 51, 60, 61, 62, 63, 64, 65, 66, 67, 68, 69, 70, 73, 230], "summary": {"covered_lines": 36, "num_statements": 36, "percent_covered": 100.0, "percent_covered_display": "100", "missing_lines": 0, "excluded_lines": 0, "percent_statements_covered": 100.0, "percent_statements_covered_display": "100", "num_branches": 0, "num_partial_branches": 0, "covered_branches": 0, "missing_branches": 0, "percent_branches_covered": 100.0, "percent_branches_covered_display": "100"}, "missing_lines": [], "excluded_lines": [], "start_line": 1, "executed_branches": [], "missing_branches": []}}, "classes": {"KeyBundle": {"executed_lines": [52], "summary": {"covered_lines": 1, "num_statements": 1, "percent_covered": 100.0, "percent_covered_display": "100", "missing_lines": 0, "excluded_lines": 0, "percent_statements_covered": 100.0, "percent_statements_covered_display": "100", "num_branches": 0, "num_partial_branches": 0, "covered_branches": 0, "missing_branches": 0, "percent_branches_covered": 100.0, "percent_branches_covered_display": "100"}, "missing_lines": [], "excluded_lines": [], "start_line": 44, "executed_branches": [], "missing_branches": []}, "ReferenceRuntime": {"executed_lines": [], "summary": {"covered_lines": 0, "num_statements": 0, "percent_covered": 100.0, "percent_covered_display": "100", "missing_lines": 0, "excluded_lines": 0, "percent_statements_covered": 100.0, "percent_statements_covered_display": "100", "num_branches": 0, "num_partial_branches": 0, "covered_branches": 0, "missing_branches": 0, "percent_branches_covered": 100.0, "percent_branches_covered_display": "100"}, "missing_lines": [], "excluded_lines": [], "start_line": 61, "executed_branches": [], "missing_branches": []}, "": {"executed_lines": [3, 5, 6, 7, 8, 10, 11, 13, 14, 15, 16, 27, 28, 31, 32, 36, 39, 40, 43, 44, 45, 46, 47, 48, 50, 51, 60, 61, 62, 63, 64, 65, 66, 67, 68, 69, 70, 73, 88, 89, 90, 91, 92, 104, 116, 150, 151, 152, 158, 160, 161, 162, 164, 168, 169, 179, 188, 189, 191, 192, 194, 196, 202, 217, 230], "summary": {"covered_lines": 65, "num_statements": 68, "percent_covered": 91.89189189189189, "percent_covered_display": "92", "missing_lines": 3, "excluded_lines": 0, "percent_statements_covered": 95.58823529411765, "percent_statements_covered_display": "96", "num_branches": 6, "num_partial_branches": 3, "covered_branches": 3, "missing_branches": 3, "percent_branches_covered": 50.0, "percent_branches_covered_display": "50"}, "missing_lines": [190, 193, 195], "excluded_lines": [], "start_line": 1, "executed_branches": [[189, 191], [192, 194], [194, 196]], "missing_branches": [[189, 190], [192, 193], [194, 195]]}}}, "app\\gateway.py": {"executed_lines": [7, 9, 10, 11, 12, 13, 14, 16, 18, 19, 20, 29, 30, 31, 34, 35, 38, 39, 40, 41, 42, 43, 46, 47, 61, 62, 63, 64, 65, 66, 67, 68, 69, 70, 71, 73, 81, 82, 89, 90, 91, 93, 94, 95, 98, 110, 111, 112, 113, 114, 124, 125, 129, 131, 132, 150, 156, 157, 158, 159, 160, 161, 163, 164, 165, 166, 167, 168, 169, 171, 194, 200, 202, 203, 212, 216, 225, 232, 233, 234, 235, 236, 249, 255], "summary": {"covered_lines": 84, "num_statements": 98, "percent_covered": 84.82142857142857, "percent_covered_display": "85", "missing_lines": 14, "excluded_lines": 0, "percent_statements_covered": 85.71428571428571, "percent_statements_covered_display": "86", "num_branches": 14, "num_partial_branches": 1, "covered_branches": 11, "missing_branches": 3, "percent_branches_covered": 78.57142857142857, "percent_branches_covered_display": "79"}, "missing_lines": [99, 100, 105, 109, 133, 134, 143, 144, 148, 242, 243, 244, 245, 248], "excluded_lines": [], "executed_branches": [[98, 110], [111, 112], [111, 113], [113, 114], [113, 131], [159, 160], [159, 161], [166, 167], [166, 171], [202, 203], [202, 225]], "missing_branches": [[98, 99], [244, 245], [244, 248]], "functions": {"_utc_now": {"executed_lines": [35], "summary": {"covered_lines": 1, "num_statements": 1, "percent_covered": 100.0, "percent_covered_display": "100", "missing_lines": 0, "excluded_lines": 0, "percent_statements_covered": 100.0, "percent_statements_covered_display": "100", "num_branches": 0, "num_partial_branches": 0, "covered_branches": 0, "missing_branches": 0, "percent_branches_covered": 100.0, "percent_branches_covered_display": "100"}, "missing_lines": [], "excluded_lines": [], "start_line": 34, "executed_branches": [], "missing_branches": []}, "Gateway.__init__": {"executed_lines": [61, 62, 63, 64, 65, 66, 67, 68, 69, 70, 71], "summary": {"covered_lines": 11, "num_statements": 11, "percent_covered": 100.0, "percent_covered_display": "100", "missing_lines": 0, "excluded_lines": 0, "percent_statements_covered": 100.0, "percent_statements_covered_display": "100", "num_branches": 0, "num_partial_branches": 0, "covered_branches": 0, "missing_branches": 0, "percent_branches_covered": 100.0, "percent_branches_covered_display": "100"}, "missing_lines": [], "excluded_lines": [], "start_line": 47, "executed_branches": [], "missing_branches": []}, "Gateway._commit": {"executed_lines": [81, 82, 89, 90, 91], "summary": {"covered_lines": 5, "num_statements": 5, "percent_covered": 100.0, "percent_covered_display": "100", "missing_lines": 0, "excluded_lines": 0, "percent_statements_covered": 100.0, "percent_statements_covered_display": "100", "num_branches": 0, "num_partial_branches": 0, "covered_branches": 0, "missing_branches": 0, "percent_branches_covered": 100.0, "percent_branches_covered_display": "100"}, "missing_lines": [], "excluded_lines": [], "start_line": 73, "executed_branches": [], "missing_branches": []}, "Gateway.submit_raw": {"executed_lines": [94, 95, 98, 110, 111, 112, 113, 114, 124, 125, 129, 131, 132, 150, 156, 157, 158, 159, 160, 161, 163, 164, 165, 166, 167, 168, 169, 171, 194, 200, 202, 203, 212, 216, 225], "summary": {"covered_lines": 35, "num_statements": 44, "percent_covered": 82.14285714285714, "percent_covered_display": "82", "missing_lines": 9, "excluded_lines": 0, "percent_statements_covered": 79.54545454545455, "percent_statements_covered_display": "80", "num_branches": 12, "num_partial_branches": 1, "covered_branches": 11, "missing_branches": 1, "percent_branches_covered": 91.66666666666667, "percent_branches_covered_display": "92"}, "missing_lines": [99, 100, 105, 109, 133, 134, 143, 144, 148], "excluded_lines": [], "start_line": 93, "executed_branches": [[98, 110], [111, 112], [111, 113], [113, 114], [113, 131], [159, 160], [159, 161], [166, 167], [166, 171], [202, 203], [202, 225]], "missing_branches": [[98, 99]]}, "Gateway.fail_closed": {"executed_lines": [233, 234, 235, 236, 249], "summary": {"covered_lines": 5, "num_statements": 10, "percent_covered": 41.666666666666664, "percent_covered_display": "42", "missing_lines": 5, "excluded_lines": 0, "percent_statements_covered": 50.0, "percent_statements_covered_display": "50", "num_branches": 2, "num_partial_branches": 0, "covered_branches": 0, "missing_branches": 2, "percent_branches_covered": 0.0, "percent_branches_covered_display": "0"}, "missing_lines": [242, 243, 244, 245, 248], "excluded_lines": [], "start_line": 232, "executed_branches": [], "missing_branches": [[244, 245], [244, 248]]}, "": {"executed_lines": [7, 9, 10, 11, 12, 13, 14, 16, 18, 19, 20, 29, 30, 31, 34, 38, 39, 40, 41, 42, 43, 46, 47, 73, 93, 232, 255], "summary": {"covered_lines": 27, "num_statements": 27, "percent_covered": 100.0, "percent_covered_display": "100", "missing_lines": 0, "excluded_lines": 0, "percent_statements_covered": 100.0, "percent_statements_covered_display": "100", "num_branches": 0, "num_partial_branches": 0, "covered_branches": 0, "missing_branches": 0, "percent_branches_covered": 100.0, "percent_branches_covered_display": "100"}, "missing_lines": [], "excluded_lines": [], "start_line": 1, "executed_branches": [], "missing_branches": []}}, "classes": {"GatewayResult": {"executed_lines": [], "summary": {"covered_lines": 0, "num_statements": 0, "percent_covered": 100.0, "percent_covered_display": "100", "missing_lines": 0, "excluded_lines": 0, "percent_statements_covered": 100.0, "percent_statements_covered_display": "100", "num_branches": 0, "num_partial_branches": 0, "covered_branches": 0, "missing_branches": 0, "percent_branches_covered": 100.0, "percent_branches_covered_display": "100"}, "missing_lines": [], "excluded_lines": [], "start_line": 39, "executed_branches": [], "missing_branches": []}, "Gateway": {"executed_lines": [61, 62, 63, 64, 65, 66, 67, 68, 69, 70, 71, 81, 82, 89, 90, 91, 94, 95, 98, 110, 111, 112, 113, 114, 124, 125, 129, 131, 132, 150, 156, 157, 158, 159, 160, 161, 163, 164, 165, 166, 167, 168, 169, 171, 194, 200, 202, 203, 212, 216, 225, 233, 234, 235, 236, 249], "summary": {"covered_lines": 56, "num_statements": 70, "percent_covered": 79.76190476190476, "percent_covered_display": "80", "missing_lines": 14, "excluded_lines": 0, "percent_statements_covered": 80.0, "percent_statements_covered_display": "80", "num_branches": 14, "num_partial_branches": 1, "covered_branches": 11, "missing_branches": 3, "percent_branches_covered": 78.57142857142857, "percent_branches_covered_display": "79"}, "missing_lines": [99, 100, 105, 109, 133, 134, 143, 144, 148, 242, 243, 244, 245, 248], "excluded_lines": [], "start_line": 46, "executed_branches": [[98, 110], [111, 112], [111, 113], [113, 114], [113, 131], [159, 160], [159, 161], [166, 167], [166, 171], [202, 203], [202, 225]], "missing_branches": [[98, 99], [244, 245], [244, 248]]}, "": {"executed_lines": [7, 9, 10, 11, 12, 13, 14, 16, 18, 19, 20, 29, 30, 31, 34, 35, 38, 39, 40, 41, 42, 43, 46, 47, 73, 93, 232, 255], "summary": {"covered_lines": 28, "num_statements": 28, "percent_covered": 100.0, "percent_covered_display": "100", "missing_lines": 0, "excluded_lines": 0, "percent_statements_covered": 100.0, "percent_statements_covered_display": "100", "num_branches": 0, "num_partial_branches": 0, "covered_branches": 0, "missing_branches": 0, "percent_branches_covered": 100.0, "percent_branches_covered_display": "100"}, "missing_lines": [], "excluded_lines": [], "start_line": 1, "executed_branches": [], "missing_branches": []}}}, "app\\main.py": {"executed_lines": [7, 9, 10, 12, 13, 15, 16, 19, 20, 27, 29, 30, 31, 33, 34, 37, 38, 39, 40, 41, 42, 44, 46, 49, 50, 56, 57, 58, 59, 60, 64, 65, 66, 67, 68, 78, 79, 80, 88, 89, 94, 104, 105, 106, 107, 123, 126, 127, 129, 135, 136, 137, 138, 140, 141, 142, 144, 145, 148, 150, 151, 152, 153, 154, 155, 156, 157, 158, 160, 163, 170, 173], "summary": {"covered_lines": 72, "num_statements": 85, "percent_covered": 82.85714285714286, "percent_covered_display": "83", "missing_lines": 13, "excluded_lines": 0, "percent_statements_covered": 84.70588235294117, "percent_statements_covered_display": "85", "num_branches": 20, "num_partial_branches": 5, "covered_branches": 15, "missing_branches": 5, "percent_branches_covered": 75.0, "percent_branches_covered_display": "75"}, "missing_lines": [32, 35, 36, 43, 45, 72, 73, 74, 128, 143, 146, 147, 165], "excluded_lines": [], "executed_branches": [[31, 33], [37, 38], [37, 39], [40, 41], [40, 44], [42, 40], [44, 46], [58, 59], [58, 64], [79, 80], [79, 88], [127, 129], [142, 144], [152, 153], [152, 154]], "missing_branches": [[31, 32], [42, 43], [44, 45], [127, 128], [142, 143]], "functions": {"_json_response": {"executed_lines": [20], "summary": {"covered_lines": 1, "num_statements": 1, "percent_covered": 100.0, "percent_covered_display": "100", "missing_lines": 0, "excluded_lines": 0, "percent_statements_covered": 100.0, "percent_statements_covered_display": "100", "num_branches": 0, "num_partial_branches": 0, "covered_branches": 0, "missing_branches": 0, "percent_branches_covered": 100.0, "percent_branches_covered_display": "100"}, "missing_lines": [], "excluded_lines": [], "start_line": 19, "executed_branches": [], "missing_branches": []}, "_bounded_body": {"executed_lines": [29, 30, 31, 33, 34, 37, 38, 39, 40, 41, 42, 44, 46], "summary": {"covered_lines": 13, "num_statements": 18, "percent_covered": 71.42857142857143, "percent_covered_display": "71", "missing_lines": 5, "excluded_lines": 0, "percent_statements_covered": 72.22222222222223, "percent_statements_covered_display": "72", "num_branches": 10, "num_partial_branches": 3, "covered_branches": 7, "missing_branches": 3, "percent_branches_covered": 70.0, "percent_branches_covered_display": "70"}, "missing_lines": [32, 35, 36, 43, 45], "excluded_lines": [], "start_line": 27, "executed_branches": [[31, 33], [37, 38], [37, 39], [40, 41], [40, 44], [42, 40], [44, 46]], "missing_branches": [[31, 32], [42, 43], [44, 45]]}, "create_agent_app": {"executed_lines": [50, 56, 57, 104, 105, 123], "summary": {"covered_lines": 6, "num_statements": 6, "percent_covered": 100.0, "percent_covered_display": "100", "missing_lines": 0, "excluded_lines": 0, "percent_statements_covered": 100.0, "percent_statements_covered_display": "100", "num_branches": 0, "num_partial_branches": 0, "covered_branches": 0, "missing_branches": 0, "percent_branches_covered": 100.0, "percent_branches_covered_display": "100"}, "missing_lines": [], "excluded_lines": [], "start_line": 49, "executed_branches": [], "missing_branches": []}, "create_agent_app.dispatch": {"executed_lines": [58, 59, 60, 64, 65, 66, 67, 68, 78, 79, 80, 88, 89, 94], "summary": {"covered_lines": 14, "num_statements": 17, "percent_covered": 85.71428571428571, "percent_covered_display": "86", "missing_lines": 3, "excluded_lines": 0, "percent_statements_covered": 82.3529411764706, "percent_statements_covered_display": "82", "num_branches": 4, "num_partial_branches": 0, "covered_branches": 4, "missing_branches": 0, "percent_branches_covered": 100.0, "percent_branches_covered_display": "100"}, "missing_lines": [72, 73, 74], "excluded_lines": [], "start_line": 57, "executed_branches": [[58, 59], [58, 64], [79, 80], [79, 88]], "missing_branches": []}, "create_agent_app.status": {"executed_lines": [106, 107], "summary": {"covered_lines": 2, "num_statements": 2, "percent_covered": 100.0, "percent_covered_display": "100", "missing_lines": 0, "excluded_lines": 0, "percent_statements_covered": 100.0, "percent_statements_covered_display": "100", "num_branches": 0, "num_partial_branches": 0, "covered_branches": 0, "missing_branches": 0, "percent_branches_covered": 100.0, "percent_branches_covered_display": "100"}, "missing_lines": [], "excluded_lines": [], "start_line": 105, "executed_branches": [], "missing_branches": []}, "create_control_app": {"executed_lines": [127, 129, 135, 140, 141, 150, 151, 160], "summary": {"covered_lines": 8, "num_statements": 9, "percent_covered": 81.81818181818181, "percent_covered_display": "82", "missing_lines": 1, "excluded_lines": 0, "percent_statements_covered": 88.88888888888889, "percent_statements_covered_display": "89", "num_branches": 2, "num_partial_branches": 1, "covered_branches": 1, "missing_branches": 1, "percent_branches_covered": 50.0, "percent_branches_covered_display": "50"}, "missing_lines": [128], "excluded_lines": [], "start_line": 126, "executed_branches": [[127, 129]], "missing_branches": [[127, 128]]}, "create_control_app.authenticated": {"executed_lines": [136, 137, 138], "summary": {"covered_lines": 3, "num_statements": 3, "percent_covered": 100.0, "percent_covered_display": "100", "missing_lines": 0, "excluded_lines": 0, "percent_statements_covered": 100.0, "percent_statements_covered_display": "100", "num_branches": 0, "num_partial_branches": 0, "covered_branches": 0, "missing_branches": 0, "percent_branches_covered": 100.0, "percent_branches_covered_display": "100"}, "missing_lines": [], "excluded_lines": [], "start_line": 135, "executed_branches": [], "missing_branches": []}, "create_control_app.complete": {"executed_lines": [142, 144, 145, 148], "summary": {"covered_lines": 4, "num_statements": 7, "percent_covered": 55.55555555555556, "percent_covered_display": "56", "missing_lines": 3, "excluded_lines": 0, "percent_statements_covered": 57.142857142857146, "percent_statements_covered_display": "57", "num_branches": 2, "num_partial_branches": 1, "covered_branches": 1, "missing_branches": 1, "percent_branches_covered": 50.0, "percent_branches_covered_display": "50"}, "missing_lines": [143, 146, 147], "excluded_lines": [], "start_line": 141, "executed_branches": [[142, 144]], "missing_branches": [[142, 143]]}, "create_control_app.receipt": {"executed_lines": [152, 153, 154, 155, 156, 157, 158], "summary": {"covered_lines": 7, "num_statements": 7, "percent_covered": 100.0, "percent_covered_display": "100", "missing_lines": 0, "excluded_lines": 0, "percent_statements_covered": 100.0, "percent_statements_covered_display": "100", "num_branches": 2, "num_partial_branches": 0, "covered_branches": 2, "missing_branches": 0, "percent_branches_covered": 100.0, "percent_branches_covered_display": "100"}, "missing_lines": [], "excluded_lines": [], "start_line": 151, "executed_branches": [[152, 153], [152, 154]], "missing_branches": []}, "create_app": {"executed_lines": [], "summary": {"covered_lines": 0, "num_statements": 1, "percent_covered": 0.0, "percent_covered_display": "0", "missing_lines": 1, "excluded_lines": 0, "percent_statements_covered": 0.0, "percent_statements_covered_display": "0", "num_branches": 0, "num_partial_branches": 0, "covered_branches": 0, "missing_branches": 0, "percent_branches_covered": 100.0, "percent_branches_covered_display": "100"}, "missing_lines": [165], "excluded_lines": [], "start_line": 163, "executed_branches": [], "missing_branches": []}, "": {"executed_lines": [7, 9, 10, 12, 13, 15, 16, 19, 27, 49, 126, 163, 170, 173], "summary": {"covered_lines": 14, "num_statements": 14, "percent_covered": 100.0, "percent_covered_display": "100", "missing_lines": 0, "excluded_lines": 0, "percent_statements_covered": 100.0, "percent_statements_covered_display": "100", "num_branches": 0, "num_partial_branches": 0, "covered_branches": 0, "missing_branches": 0, "percent_branches_covered": 100.0, "percent_branches_covered_display": "100"}, "missing_lines": [], "excluded_lines": [], "start_line": 1, "executed_branches": [], "missing_branches": []}}, "classes": {"": {"executed_lines": [7, 9, 10, 12, 13, 15, 16, 19, 20, 27, 29, 30, 31, 33, 34, 37, 38, 39, 40, 41, 42, 44, 46, 49, 50, 56, 57, 58, 59, 60, 64, 65, 66, 67, 68, 78, 79, 80, 88, 89, 94, 104, 105, 106, 107, 123, 126, 127, 129, 135, 136, 137, 138, 140, 141, 142, 144, 145, 148, 150, 151, 152, 153, 154, 155, 156, 157, 158, 160, 163, 170, 173], "summary": {"covered_lines": 72, "num_statements": 85, "percent_covered": 82.85714285714286, "percent_covered_display": "83", "missing_lines": 13, "excluded_lines": 0, "percent_statements_covered": 84.70588235294117, "percent_statements_covered_display": "85", "num_branches": 20, "num_partial_branches": 5, "covered_branches": 15, "missing_branches": 5, "percent_branches_covered": 75.0, "percent_branches_covered_display": "75"}, "missing_lines": [32, 35, 36, 43, 45, 72, 73, 74, 128, 143, 146, 147, 165], "excluded_lines": [], "start_line": 1, "executed_branches": [[31, 33], [37, 38], [37, 39], [40, 41], [40, 44], [42, 40], [44, 46], [58, 59], [58, 64], [79, 80], [79, 88], [127, 129], [142, 144], [152, 153], [152, 154]], "missing_branches": [[31, 32], [42, 43], [44, 45], [127, 128], [142, 143]]}}}, "app\\models.py": {"executed_lines": [14, 16, 17, 18, 19, 20, 21, 22, 23, 24, 25, 26, 28, 29, 33, 43, 46, 47, 48, 49, 50, 51, 52, 53, 55, 56, 57, 60, 63, 64, 66, 67, 68, 70, 73, 74, 75, 80, 81, 84, 86, 89, 91, 93, 96, 97, 100, 101, 102, 104, 107, 111, 112, 113, 114, 115, 116, 117, 118, 119, 120, 121, 124, 126, 127, 128, 131, 133, 135, 137, 138, 145, 147, 150, 157, 159, 160, 161, 162, 165, 166, 167, 168, 169, 170, 172, 173, 175, 176, 177, 178, 187, 188, 189, 190, 191, 193, 194, 195, 197, 198, 204, 208, 210, 211, 212, 213, 214, 221, 223, 226, 228, 229, 233, 234, 235, 238, 239, 242, 243, 244, 245, 247, 250, 251, 254, 255, 258, 259, 260, 269, 270, 272, 281, 282, 285, 286, 288, 290, 291, 298, 300, 302, 305, 306, 307, 313, 316, 318, 319, 323, 328, 329, 330, 331, 334, 335, 336, 338, 341, 342, 343, 345, 346, 347, 348, 349, 354, 355, 362, 364, 367, 368, 370, 373, 374, 375, 376, 379, 380, 381, 382, 385, 386, 388, 391, 392, 393, 395, 397, 399, 401, 404, 408, 411, 419, 422, 423, 424, 427, 430, 433, 434, 437, 440, 447, 448, 450, 453, 454, 463, 464, 467, 468, 469, 470, 472, 473, 474, 475, 476, 478, 479, 480, 482, 484, 485, 488, 489, 490, 491, 493, 494, 495, 496, 497, 499, 500, 501, 503, 505, 506, 509, 510, 511, 512, 513, 514, 515, 518, 519, 520, 521, 522, 523, 524, 525, 526, 527, 528, 529, 531, 532, 533, 536, 537, 538, 540, 543, 544, 545, 546, 548, 549, 550, 551, 552, 553, 555, 556, 557, 559, 562, 565, 566, 567, 568, 569, 570, 571, 572, 574, 575, 576, 577, 578, 579, 580, 583, 584, 585, 586, 587, 588, 589, 590, 591, 592, 593, 594, 596, 597, 598, 603, 607, 611, 613, 616, 619, 620, 621, 622, 623, 624, 625, 626, 627, 628, 629, 630, 631, 632, 633, 634, 635, 636, 637, 639, 640, 641, 642, 644, 645, 646, 648, 650, 651, 654, 657, 658, 660, 661, 662, 663, 665, 666, 667, 669, 671, 672, 674, 676, 677, 683, 684, 687, 697, 698, 705, 706, 707, 708, 709, 710, 711, 712, 713, 714, 715, 716, 717, 718, 719, 720, 722, 723, 724, 727, 728, 729, 731, 732, 733, 736, 737, 738, 740, 741, 742, 745, 746, 747, 749, 750, 751, 753, 755, 761, 766, 767, 768, 769, 774, 779, 781, 784, 785, 786, 788, 789, 790, 792, 793, 794, 795, 797, 799, 801, 802, 807, 808, 809, 812, 820, 821, 826, 828, 829, 830, 831, 832, 834, 843, 844, 845, 846, 847, 848, 849, 850, 851, 852, 855, 856, 857, 860, 861, 862, 863, 864, 867, 868, 869, 870, 871, 872, 873, 874, 877, 878, 879, 880, 881, 882, 883, 885, 886, 894, 895, 896, 897, 898, 899, 901, 902, 903, 905, 907, 909, 912, 913, 914, 915, 916, 919, 920, 921, 922, 923, 924, 925, 926, 927, 928, 929, 930, 931, 932, 934, 935, 936, 937, 938, 940, 942, 943, 944, 945, 946, 947, 949, 951, 954, 955, 957, 958, 960, 961, 962, 963, 965, 967, 968, 982, 983, 996, 998, 999, 1010, 1011, 1012, 1013, 1016, 1017, 1018, 1019, 1020, 1021, 1022, 1023, 1024, 1025, 1026, 1027, 1028, 1029, 1030, 1031, 1032, 1033, 1034, 1035, 1036, 1038, 1039, 1040, 1045, 1046, 1048, 1050, 1052, 1055, 1057, 1059, 1062, 1063, 1064, 1066, 1067, 1068, 1070, 1071, 1072, 1073, 1075, 1077, 1079, 1080, 1085, 1086, 1089, 1097, 1098, 1100, 1107, 1108, 1109, 1110, 1111, 1112, 1115, 1116, 1117, 1118, 1119, 1120, 1121, 1122, 1123, 1124, 1125, 1126, 1127, 1128, 1129, 1130, 1131, 1132, 1133, 1134, 1135, 1136, 1138, 1139, 1140, 1143, 1144, 1146, 1147, 1148, 1150, 1152, 1153, 1155, 1157, 1159, 1161, 1163, 1164, 1166, 1168, 1180, 1183, 1184, 1185, 1187, 1188, 1189, 1191, 1192, 1193, 1194, 1196, 1198, 1200, 1201, 1206, 1207, 1210, 1218, 1219, 1221, 1228, 1229, 1230, 1231, 1232, 1235, 1238, 1239, 1240, 1241, 1242, 1243, 1244, 1245, 1246, 1248, 1249, 1250, 1252, 1254, 1257, 1258, 1259, 1261, 1262, 1263, 1265, 1266, 1267, 1268, 1270, 1272, 1274, 1275, 1280, 1281, 1284, 1292, 1293, 1295, 1302, 1303, 1304, 1305, 1306, 1307, 1308, 1309, 1310, 1311, 1312, 1313, 1314, 1315, 1316, 1317, 1318, 1319, 1320, 1321, 1322, 1323, 1324, 1325, 1326, 1327, 1328, 1329, 1331, 1332, 1333, 1335, 1337, 1338, 1340, 1343, 1345, 1347, 1349, 1351, 1357, 1358, 1360, 1363, 1364, 1365, 1367, 1369, 1371, 1372, 1380, 1383, 1384, 1385, 1387, 1388, 1389, 1391, 1392, 1393, 1394, 1396, 1398, 1400, 1401, 1406, 1407, 1410, 1418, 1419, 1421, 1427, 1434, 1435, 1437, 1439, 1441, 1443, 1444, 1445, 1446, 1447, 1449, 1450, 1452, 1457, 1458, 1460, 1462, 1464, 1468, 1469, 1470, 1471, 1472, 1473, 1475, 1477, 1479, 1484, 1485, 1486, 1490, 1492, 1494, 1498], "summary": {"covered_lines": 808, "num_statements": 958, "percent_covered": 77.45709828393136, "percent_covered_display": "77", "missing_lines": 150, "excluded_lines": 0, "percent_statements_covered": 84.34237995824634, "percent_statements_covered_display": "84", "num_branches": 324, "num_partial_branches": 127, "covered_branches": 185, "missing_branches": 139, "percent_branches_covered": 57.098765432098766, "percent_branches_covered_display": "57"}, "missing_lines": [65, 69, 76, 82, 83, 85, 92, 103, 108, 129, 130, 132, 134, 136, 146, 158, 163, 171, 174, 192, 196, 205, 222, 246, 271, 287, 289, 296, 297, 299, 301, 308, 309, 310, 317, 320, 337, 344, 350, 351, 352, 361, 363, 369, 383, 384, 387, 394, 396, 398, 400, 451, 481, 502, 558, 599, 604, 608, 612, 647, 649, 668, 670, 673, 752, 754, 762, 770, 775, 780, 796, 798, 833, 838, 887, 888, 889, 890, 891, 904, 906, 908, 939, 948, 950, 964, 1047, 1049, 1051, 1053, 1056, 1058, 1074, 1076, 1099, 1149, 1151, 1154, 1156, 1158, 1160, 1162, 1165, 1167, 1169, 1171, 1172, 1173, 1177, 1195, 1197, 1220, 1251, 1253, 1269, 1271, 1294, 1334, 1336, 1339, 1341, 1344, 1346, 1348, 1350, 1355, 1359, 1361, 1366, 1368, 1370, 1379, 1395, 1397, 1420, 1436, 1438, 1440, 1451, 1456, 1459, 1461, 1463, 1465, 1476, 1478, 1482, 1491, 1493, 1495], "excluded_lines": [], "executed_branches": [[64, 66], [66, 67], [66, 68], [68, 70], [75, 80], [84, 86], [91, 93], [102, 104], [114, 115], [114, 121], [117, 118], [117, 119], [126, 127], [126, 131], [131, 133], [133, 135], [135, 137], [157, 159], [159, 160], [159, 161], [162, 165], [165, 166], [165, 167], [167, 168], [167, 169], [169, 170], [169, 173], [170, 172], [173, 175], [175, 176], [175, 177], [177, 178], [177, 187], [187, 188], [190, 191], [190, 204], [191, 193], [195, 197], [210, 211], [210, 212], [221, 223], [228, 229], [228, 233], [233, 234], [233, 235], [245, 247], [270, 272], [286, 288], [288, 290], [298, 300], [300, 302], [306, 307], [316, 318], [318, 319], [336, 338], [343, 345], [349, 354], [355, 362], [362, 364], [368, 370], [374, 375], [374, 376], [386, 388], [393, 395], [395, 397], [397, 399], [399, 401], [480, 482], [501, 503], [551, 552], [551, 553], [557, 559], [577, 578], [577, 579], [598, 603], [603, 607], [607, 611], [611, 613], [646, 648], [648, 650], [667, 669], [669, 671], [672, 674], [751, 753], [753, 755], [761, 766], [767, 768], [767, 781], [768, 769], [768, 779], [769, 774], [774, 768], [779, 767], [795, 797], [797, 799], [830, -828], [830, 831], [832, 834], [834, 830], [903, 905], [905, 907], [907, 909], [938, 940], [945, 946], [945, 947], [947, 949], [949, 951], [963, 965], [1045, 1046], [1045, 1055], [1046, 1048], [1048, 1050], [1050, 1052], [1052, 1059], [1055, 1057], [1057, 1059], [1073, 1075], [1075, 1077], [1098, 1100], [1148, 1150], [1150, 1152], [1153, 1155], [1155, 1157], [1157, 1159], [1159, 1161], [1161, 1163], [1163, 1164], [1164, 1166], [1166, 1168], [1168, 1180], [1194, 1196], [1196, 1198], [1219, 1221], [1250, 1252], [1252, 1254], [1268, 1270], [1270, 1272], [1293, 1295], [1333, 1335], [1335, 1337], [1337, 1338], [1337, 1340], [1338, 1343], [1340, 1343], [1343, 1345], [1345, 1347], [1347, 1349], [1349, 1351], [1351, 1357], [1357, 1358], [1357, 1360], [1358, 1363], [1360, 1363], [1363, 1364], [1363, 1371], [1365, 1367], [1367, 1369], [1369, 1371], [1372, 1380], [1394, 1396], [1396, 1398], [1419, 1421], [1435, 1437], [1437, 1439], [1439, 1441], [1449, 1450], [1449, 1475], [1450, 1452], [1452, 1457], [1457, 1458], [1457, 1464], [1458, 1460], [1460, 1462], [1462, 1468], [1464, 1468], [1468, 1469], [1468, 1470], [1475, 1477], [1477, 1479], [1479, 1484], [1484, -1427], [1484, 1485], [1490, 1492], [1492, 1494], [1494, -1427]], "missing_branches": [[64, 65], [68, 69], [75, 76], [84, 85], [91, 92], [102, 103], [131, 132], [133, 134], [135, 136], [157, 158], [162, 163], [170, 171], [173, 174], [187, 205], [191, 192], [195, 196], [221, 222], [245, 246], [270, 271], [286, 287], [288, 289], [298, 299], [300, 301], [306, 308], [308, 309], [308, 310], [316, 317], [318, 320], [336, 337], [343, 344], [349, 350], [350, 351], [350, 352], [355, 361], [362, 363], [368, 369], [386, 387], [393, 394], [395, 396], [397, 398], [399, 400], [480, 481], [501, 502], [557, 558], [598, 599], [603, 604], [607, 608], [611, 612], [646, 647], [648, 649], [667, 668], [669, 670], [672, 673], [751, 752], [753, 754], [761, 762], [769, 770], [774, 775], [779, 780], [795, 796], [797, 798], [832, 833], [834, 838], [887, 888], [887, 889], [889, 890], [889, 891], [903, 904], [905, 906], [907, 908], [938, 939], [947, 948], [949, 950], [963, 964], [1046, 1047], [1048, 1049], [1050, 1051], [1052, 1053], [1055, 1056], [1057, 1058], [1073, 1074], [1075, 1076], [1098, 1099], [1148, 1149], [1150, 1151], [1153, 1154], [1155, 1156], [1157, 1158], [1159, 1160], [1161, 1162], [1163, 1171], [1164, 1165], [1166, 1167], [1168, 1169], [1171, 1172], [1171, 1173], [1173, 1177], [1173, 1180], [1194, 1195], [1196, 1197], [1219, 1220], [1250, 1251], [1252, 1253], [1268, 1269], [1270, 1271], [1293, 1294], [1333, 1334], [1335, 1336], [1338, 1339], [1340, 1341], [1343, 1344], [1345, 1346], [1347, 1348], [1349, 1350], [1351, 1355], [1358, 1359], [1360, 1361], [1365, 1366], [1367, 1368], [1369, 1370], [1372, 1379], [1394, 1395], [1396, 1397], [1419, 1420], [1435, 1436], [1437, 1438], [1439, 1440], [1450, 1451], [1452, 1456], [1458, 1459], [1460, 1461], [1462, 1463], [1464, 1465], [1475, 1476], [1477, 1478], [1479, 1482], [1490, 1491], [1492, 1493], [1494, 1495]], "functions": {"_require_nfc": {"executed_lines": [64, 66, 67, 68, 70], "summary": {"covered_lines": 5, "num_statements": 7, "percent_covered": 69.23076923076923, "percent_covered_display": "69", "missing_lines": 2, "excluded_lines": 0, "percent_statements_covered": 71.42857142857143, "percent_statements_covered_display": "71", "num_branches": 6, "num_partial_branches": 2, "covered_branches": 4, "missing_branches": 2, "percent_branches_covered": 66.66666666666667, "percent_branches_covered_display": "67"}, "missing_lines": [65, 69], "excluded_lines": [], "start_line": 63, "executed_branches": [[64, 66], [66, 67], [66, 68], [68, 70]], "missing_branches": [[64, 65], [68, 69]]}, "_validate_timestamp": {"executed_lines": [74, 75, 80, 81, 84, 86], "summary": {"covered_lines": 6, "num_statements": 10, "percent_covered": 57.142857142857146, "percent_covered_display": "57", "missing_lines": 4, "excluded_lines": 0, "percent_statements_covered": 60.0, "percent_statements_covered_display": "60", "num_branches": 4, "num_partial_branches": 2, "covered_branches": 2, "missing_branches": 2, "percent_branches_covered": 50.0, "percent_branches_covered_display": "50"}, "missing_lines": [76, 82, 83, 85], "excluded_lines": [], "start_line": 73, "executed_branches": [[75, 80], [84, 86]], "missing_branches": [[75, 76], [84, 85]]}, "format_utc_timestamp": {"executed_lines": [91, 93], "summary": {"covered_lines": 2, "num_statements": 3, "percent_covered": 60.0, "percent_covered_display": "60", "missing_lines": 1, "excluded_lines": 0, "percent_statements_covered": 66.66666666666667, "percent_statements_covered_display": "67", "num_branches": 2, "num_partial_branches": 1, "covered_branches": 1, "missing_branches": 1, "percent_branches_covered": 50.0, "percent_branches_covered_display": "50"}, "missing_lines": [92], "excluded_lines": [], "start_line": 89, "executed_branches": [[91, 93]], "missing_branches": [[91, 92]]}, "_reject_float": {"executed_lines": [97], "summary": {"covered_lines": 1, "num_statements": 1, "percent_covered": 100.0, "percent_covered_display": "100", "missing_lines": 0, "excluded_lines": 0, "percent_statements_covered": 100.0, "percent_statements_covered_display": "100", "num_branches": 0, "num_partial_branches": 0, "covered_branches": 0, "missing_branches": 0, "percent_branches_covered": 100.0, "percent_branches_covered_display": "100"}, "missing_lines": [], "excluded_lines": [], "start_line": 96, "executed_branches": [], "missing_branches": []}, "_parse_safe_int": {"executed_lines": [101, 102, 104], "summary": {"covered_lines": 3, "num_statements": 4, "percent_covered": 66.66666666666667, "percent_covered_display": "67", "missing_lines": 1, "excluded_lines": 0, "percent_statements_covered": 75.0, "percent_statements_covered_display": "75", "num_branches": 2, "num_partial_branches": 1, "covered_branches": 1, "missing_branches": 1, "percent_branches_covered": 50.0, "percent_branches_covered_display": "50"}, "missing_lines": [103], "excluded_lines": [], "start_line": 100, "executed_branches": [[102, 104]], "missing_branches": [[102, 103]]}, "_reject_constant": {"executed_lines": [], "summary": {"covered_lines": 0, "num_statements": 1, "percent_covered": 0.0, "percent_covered_display": "0", "missing_lines": 1, "excluded_lines": 0, "percent_statements_covered": 0.0, "percent_statements_covered_display": "0", "num_branches": 0, "num_partial_branches": 0, "covered_branches": 0, "missing_branches": 0, "percent_branches_covered": 100.0, "percent_branches_covered_display": "100"}, "missing_lines": [108], "excluded_lines": [], "start_line": 107, "executed_branches": [], "missing_branches": []}, "_unique_object": {"executed_lines": [112, 113, 114, 115, 116, 117, 118, 119, 120, 121], "summary": {"covered_lines": 10, "num_statements": 10, "percent_covered": 100.0, "percent_covered_display": "100", "missing_lines": 0, "excluded_lines": 0, "percent_statements_covered": 100.0, "percent_statements_covered_display": "100", "num_branches": 4, "num_partial_branches": 0, "covered_branches": 4, "missing_branches": 0, "percent_branches_covered": 100.0, "percent_branches_covered_display": "100"}, "missing_lines": [], "excluded_lines": [], "start_line": 111, "executed_branches": [[114, 115], [114, 121], [117, 118], [117, 119]], "missing_branches": []}, "parse_canonical_json": {"executed_lines": [126, 127, 128, 131, 133, 135, 137, 138, 145, 147], "summary": {"covered_lines": 10, "num_statements": 16, "percent_covered": 62.5, "percent_covered_display": "62", "missing_lines": 6, "excluded_lines": 0, "percent_statements_covered": 62.5, "percent_statements_covered_display": "62", "num_branches": 8, "num_partial_branches": 3, "covered_branches": 5, "missing_branches": 3, "percent_branches_covered": 62.5, "percent_branches_covered_display": "62"}, "missing_lines": [129, 130, 132, 134, 136, 146], "excluded_lines": [], "start_line": 124, "executed_branches": [[126, 127], [126, 131], [131, 133], [133, 135], [135, 137]], "missing_branches": [[131, 132], [133, 134], [135, 136]]}, "_validate_json_value": {"executed_lines": [157, 159, 160, 161, 162, 165, 166, 167, 168, 169, 170, 172, 173, 175, 176, 177, 178, 187, 188, 189, 190, 191, 193, 194, 195, 197, 198, 204], "summary": {"covered_lines": 28, "num_statements": 35, "percent_covered": 77.77777777777777, "percent_covered_display": "78", "missing_lines": 7, "excluded_lines": 0, "percent_statements_covered": 80.0, "percent_statements_covered_display": "80", "num_branches": 28, "num_partial_branches": 7, "covered_branches": 21, "missing_branches": 7, "percent_branches_covered": 75.0, "percent_branches_covered_display": "75"}, "missing_lines": [158, 163, 171, 174, 192, 196, 205], "excluded_lines": [], "start_line": 150, "executed_branches": [[157, 159], [159, 160], [159, 161], [162, 165], [165, 166], [165, 167], [167, 168], [167, 169], [169, 170], [169, 173], [170, 172], [173, 175], [175, 176], [175, 177], [177, 178], [177, 187], [187, 188], [190, 191], [190, 204], [191, 193], [195, 197]], "missing_branches": [[157, 158], [162, 163], [170, 171], [173, 174], [187, 205], [191, 192], [195, 196]]}, "canonical_json_bytes": {"executed_lines": [210, 211, 212, 213, 214, 221, 223], "summary": {"covered_lines": 7, "num_statements": 8, "percent_covered": 83.33333333333333, "percent_covered_display": "83", "missing_lines": 1, "excluded_lines": 0, "percent_statements_covered": 87.5, "percent_statements_covered_display": "88", "num_branches": 4, "num_partial_branches": 1, "covered_branches": 3, "missing_branches": 1, "percent_branches_covered": 75.0, "percent_branches_covered_display": "75"}, "missing_lines": [222], "excluded_lines": [], "start_line": 208, "executed_branches": [[210, 211], [210, 212], [221, 223]], "missing_branches": [[221, 222]]}, "_order_for_jcs": {"executed_lines": [228, 229, 233, 234, 235], "summary": {"covered_lines": 5, "num_statements": 5, "percent_covered": 100.0, "percent_covered_display": "100", "missing_lines": 0, "excluded_lines": 0, "percent_statements_covered": 100.0, "percent_statements_covered_display": "100", "num_branches": 4, "num_partial_branches": 0, "covered_branches": 4, "missing_branches": 0, "percent_branches_covered": 100.0, "percent_branches_covered_display": "100"}, "missing_lines": [], "excluded_lines": [], "start_line": 226, "executed_branches": [[228, 229], [228, 233], [233, 234], [233, 235]], "missing_branches": []}, "canonical_json": {"executed_lines": [239], "summary": {"covered_lines": 1, "num_statements": 1, "percent_covered": 100.0, "percent_covered_display": "100", "missing_lines": 0, "excluded_lines": 0, "percent_statements_covered": 100.0, "percent_statements_covered_display": "100", "num_branches": 0, "num_partial_branches": 0, "covered_branches": 0, "missing_branches": 0, "percent_branches_covered": 100.0, "percent_branches_covered_display": "100"}, "missing_lines": [], "excluded_lines": [], "start_line": 238, "executed_branches": [], "missing_branches": []}, "canonicalize_json_text": {"executed_lines": [243, 244, 245, 247], "summary": {"covered_lines": 4, "num_statements": 5, "percent_covered": 71.42857142857143, "percent_covered_display": "71", "missing_lines": 1, "excluded_lines": 0, "percent_statements_covered": 80.0, "percent_statements_covered_display": "80", "num_branches": 2, "num_partial_branches": 1, "covered_branches": 1, "missing_branches": 1, "percent_branches_covered": 50.0, "percent_branches_covered_display": "50"}, "missing_lines": [246], "excluded_lines": [], "start_line": 242, "executed_branches": [[245, 247]], "missing_branches": [[245, 246]]}, "sha256_hex": {"executed_lines": [251], "summary": {"covered_lines": 1, "num_statements": 1, "percent_covered": 100.0, "percent_covered_display": "100", "missing_lines": 0, "excluded_lines": 0, "percent_statements_covered": 100.0, "percent_statements_covered_display": "100", "num_branches": 0, "num_partial_branches": 0, "covered_branches": 0, "missing_branches": 0, "percent_branches_covered": 100.0, "percent_branches_covered_display": "100"}, "missing_lines": [], "excluded_lines": [], "start_line": 250, "executed_branches": [], "missing_branches": []}, "payload_sha256": {"executed_lines": [255], "summary": {"covered_lines": 1, "num_statements": 1, "percent_covered": 100.0, "percent_covered_display": "100", "missing_lines": 0, "excluded_lines": 0, "percent_statements_covered": 100.0, "percent_statements_covered_display": "100", "num_branches": 0, "num_partial_branches": 0, "covered_branches": 0, "missing_branches": 0, "percent_branches_covered": 100.0, "percent_branches_covered_display": "100"}, "missing_lines": [], "excluded_lines": [], "start_line": 254, "executed_branches": [], "missing_branches": []}, "domain_hash": {"executed_lines": [259, 260], "summary": {"covered_lines": 2, "num_statements": 2, "percent_covered": 100.0, "percent_covered_display": "100", "missing_lines": 0, "excluded_lines": 0, "percent_statements_covered": 100.0, "percent_statements_covered_display": "100", "num_branches": 0, "num_partial_branches": 0, "covered_branches": 0, "missing_branches": 0, "percent_branches_covered": 100.0, "percent_branches_covered_display": "100"}, "missing_lines": [], "excluded_lines": [], "start_line": 258, "executed_branches": [], "missing_branches": []}, "signing_message": {"executed_lines": [270, 272], "summary": {"covered_lines": 2, "num_statements": 3, "percent_covered": 60.0, "percent_covered_display": "60", "missing_lines": 1, "excluded_lines": 0, "percent_statements_covered": 66.66666666666667, "percent_statements_covered_display": "67", "num_branches": 2, "num_partial_branches": 1, "covered_branches": 1, "missing_branches": 1, "percent_branches_covered": 50.0, "percent_branches_covered_display": "50"}, "missing_lines": [271], "excluded_lines": [], "start_line": 269, "executed_branches": [[270, 272]], "missing_branches": [[270, 271]]}, "_b64url_encode": {"executed_lines": [282], "summary": {"covered_lines": 1, "num_statements": 1, "percent_covered": 100.0, "percent_covered_display": "100", "missing_lines": 0, "excluded_lines": 0, "percent_statements_covered": 100.0, "percent_statements_covered_display": "100", "num_branches": 0, "num_partial_branches": 0, "covered_branches": 0, "missing_branches": 0, "percent_branches_covered": 100.0, "percent_branches_covered_display": "100"}, "missing_lines": [], "excluded_lines": [], "start_line": 281, "executed_branches": [], "missing_branches": []}, "_b64url_decode": {"executed_lines": [286, 288, 290, 291, 298, 300, 302], "summary": {"covered_lines": 7, "num_statements": 13, "percent_covered": 52.38095238095238, "percent_covered_display": "52", "missing_lines": 6, "excluded_lines": 0, "percent_statements_covered": 53.84615384615385, "percent_statements_covered_display": "54", "num_branches": 8, "num_partial_branches": 4, "covered_branches": 4, "missing_branches": 4, "percent_branches_covered": 50.0, "percent_branches_covered_display": "50"}, "missing_lines": [287, 289, 296, 297, 299, 301], "excluded_lines": [], "start_line": 285, "executed_branches": [[286, 288], [288, 290], [298, 300], [300, 302]], "missing_branches": [[286, 287], [288, 289], [298, 299], [300, 301]]}, "_private_key": {"executed_lines": [306, 307], "summary": {"covered_lines": 2, "num_statements": 5, "percent_covered": 33.333333333333336, "percent_covered_display": "33", "missing_lines": 3, "excluded_lines": 0, "percent_statements_covered": 40.0, "percent_statements_covered_display": "40", "num_branches": 4, "num_partial_branches": 1, "covered_branches": 1, "missing_branches": 3, "percent_branches_covered": 25.0, "percent_branches_covered_display": "25"}, "missing_lines": [308, 309, 310], "excluded_lines": [], "start_line": 305, "executed_branches": [[306, 307]], "missing_branches": [[306, 308], [308, 309], [308, 310]]}, "_public_key": {"executed_lines": [316, 318, 319], "summary": {"covered_lines": 3, "num_statements": 5, "percent_covered": 55.55555555555556, "percent_covered_display": "56", "missing_lines": 2, "excluded_lines": 0, "percent_statements_covered": 60.0, "percent_statements_covered_display": "60", "num_branches": 4, "nu
[...]
ay": "100", "missing_lines": 0, "excluded_lines": 0, "percent_statements_covered": 100.0, "percent_statements_covered_display": "100", "num_branches": 4, "num_partial_branches": 0, "covered_branches": 4, "missing_branches": 0, "percent_branches_covered": 100.0, "percent_branches_covered_display": "100"}, "missing_lines": [], "excluded_lines": [], "start_line": 313, "executed_branches": [[323, 324], [323, 325], [330, 331], [330, 332]], "missing_branches": []}, "run_benchmark": {"executed_lines": [352], "summary": {"covered_lines": 1, "num_statements": 1, "percent_covered": 100.0, "percent_covered_display": "100", "missing_lines": 0, "excluded_lines": 0, "percent_statements_covered": 100.0, "percent_statements_covered_display": "100", "num_branches": 0, "num_partial_branches": 0, "covered_branches": 0, "missing_branches": 0, "percent_branches_covered": 100.0, "percent_branches_covered_display": "100"}, "missing_lines": [], "excluded_lines": [], "start_line": 351, "executed_branches": [], "missing_branches": []}, "result_document": {"executed_lines": [362], "summary": {"covered_lines": 1, "num_statements": 1, "percent_covered": 100.0, "percent_covered_display": "100", "missing_lines": 0, "excluded_lines": 0, "percent_statements_covered": 100.0, "percent_statements_covered_display": "100", "num_branches": 0, "num_partial_branches": 0, "covered_branches": 0, "missing_branches": 0, "percent_branches_covered": 100.0, "percent_branches_covered_display": "100"}, "missing_lines": [], "excluded_lines": [], "start_line": 361, "executed_branches": [], "missing_branches": []}, "render_svg": {"executed_lines": [], "summary": {"covered_lines": 0, "num_statements": 8, "percent_covered": 0.0, "percent_covered_display": "0", "missing_lines": 8, "excluded_lines": 0, "percent_statements_covered": 0.0, "percent_statements_covered_display": "0", "num_branches": 2, "num_partial_branches": 0, "covered_branches": 0, "missing_branches": 2, "percent_branches_covered": 0.0, "percent_branches_covered_display": "0"}, "missing_lines": [376, 377, 378, 379, 380, 381, 382, 396], "excluded_lines": [], "start_line": 375, "executed_branches": [], "missing_branches": [[380, 381], [380, 396]]}, "write_results": {"executed_lines": [], "summary": {"covered_lines": 0, "num_statements": 4, "percent_covered": 0.0, "percent_covered_display": "0", "missing_lines": 4, "excluded_lines": 0, "percent_statements_covered": 0.0, "percent_statements_covered_display": "0", "num_branches": 0, "num_partial_branches": 0, "covered_branches": 0, "missing_branches": 0, "percent_branches_covered": 100.0, "percent_branches_covered_display": "100"}, "missing_lines": [413, 414, 415, 419], "excluded_lines": [], "start_line": 412, "executed_branches": [], "missing_branches": []}, "main": {"executed_lines": [], "summary": {"covered_lines": 0, "num_statements": 7, "percent_covered": 0.0, "percent_covered_display": "0", "missing_lines": 7, "excluded_lines": 0, "percent_statements_covered": 0.0, "percent_statements_covered_display": "0", "num_branches": 0, "num_partial_branches": 0, "covered_branches": 0, "missing_branches": 0, "percent_branches_covered": 100.0, "percent_branches_covered_display": "100"}, "missing_lines": [426, 427, 432, 433, 434, 435, 436], "excluded_lines": [], "start_line": 425, "executed_branches": [], "missing_branches": []}, "": {"executed_lines": [8, 10, 11, 12, 13, 14, 15, 16, 17, 19, 20, 22, 23, 24, 30, 33, 34, 37, 38, 39, 40, 41, 42, 43, 44, 45, 46, 47, 48, 49, 52, 58, 76, 86, 99, 102, 106, 112, 115, 118, 125, 128, 132, 135, 138, 142, 175, 216, 271, 313, 351, 361, 375, 412, 425, 439], "summary": {"covered_lines": 56, "num_statements": 57, "percent_covered": 96.61016949152543, "percent_covered_display": "97", "missing_lines": 1, "excluded_lines": 0, "percent_statements_covered": 98.24561403508773, "percent_statements_covered_display": "98", "num_branches": 2, "num_partial_branches": 1, "covered_branches": 1, "missing_branches": 1, "percent_branches_covered": 50.0, "percent_branches_covered_display": "50"}, "missing_lines": [440], "excluded_lines": [], "start_line": 1, "executed_branches": [[439, -1]], "missing_branches": [[439, 440]]}}, "classes": {"AblationResult": {"executed_lines": [], "summary": {"covered_lines": 0, "num_statements": 0, "percent_covered": 100.0, "percent_covered_display": "100", "missing_lines": 0, "excluded_lines": 0, "percent_statements_covered": 100.0, "percent_statements_covered_display": "100", "num_branches": 0, "num_partial_branches": 0, "covered_branches": 0, "missing_branches": 0, "percent_branches_covered": 100.0, "percent_branches_covered_display": "100"}, "missing_lines": [], "excluded_lines": [], "start_line": 38, "executed_branches": [], "missing_branches": []}, "AlertOnlyGateway": {"executed_lines": [103, 104, 107, 108, 109], "summary": {"covered_lines": 5, "num_statements": 5, "percent_covered": 85.71428571428571, "percent_covered_display": "86", "missing_lines": 0, "excluded_lines": 0, "percent_statements_covered": 100.0, "percent_statements_covered_display": "100", "num_branches": 2, "num_partial_branches": 1, "covered_branches": 1, "missing_branches": 1, "percent_branches_covered": 50.0, "percent_branches_covered_display": "50"}, "missing_lines": [], "excluded_lines": [], "start_line": 99, "executed_branches": [[107, 108]], "missing_branches": [[107, 109]]}, "PermitOnceDispatcher": {"executed_lines": [116, 119, 121, 122], "summary": {"covered_lines": 4, "num_statements": 5, "percent_covered": 71.42857142857143, "percent_covered_display": "71", "missing_lines": 1, "excluded_lines": 0, "percent_statements_covered": 80.0, "percent_statements_covered_display": "80", "num_branches": 2, "num_partial_branches": 1, "covered_branches": 1, "missing_branches": 1, "percent_branches_covered": 50.0, "percent_branches_covered_display": "50"}, "missing_lines": [120], "excluded_lines": [], "start_line": 112, "executed_branches": [[119, 121]], "missing_branches": [[119, 120]]}, "StatelessRootAcceptor": {"executed_lines": [129], "summary": {"covered_lines": 1, "num_statements": 1, "percent_covered": 100.0, "percent_covered_display": "100", "missing_lines": 0, "excluded_lines": 0, "percent_statements_covered": 100.0, "percent_statements_covered_display": "100", "num_branches": 0, "num_partial_branches": 0, "covered_branches": 0, "missing_branches": 0, "percent_branches_covered": 100.0, "percent_branches_covered_display": "100"}, "missing_lines": [], "excluded_lines": [], "start_line": 125, "executed_branches": [], "missing_branches": []}, "PerDropLogger": {"executed_lines": [136, 139], "summary": {"covered_lines": 2, "num_statements": 2, "percent_covered": 100.0, "percent_covered_display": "100", "missing_lines": 0, "excluded_lines": 0, "percent_statements_covered": 100.0, "percent_statements_covered_display": "100", "num_branches": 0, "num_partial_branches": 0, "covered_branches": 0, "missing_branches": 0, "percent_branches_covered": 100.0, "percent_branches_covered_display": "100"}, "missing_lines": [], "excluded_lines": [], "start_line": 132, "executed_branches": [], "missing_branches": []}, "": {"executed_lines": [8, 10, 11, 12, 13, 14, 15, 16, 17, 19, 20, 22, 23, 24, 30, 33, 34, 37, 38, 39, 40, 41, 42, 43, 44, 45, 46, 47, 48, 49, 52, 53, 54, 55, 58, 63, 76, 77, 86, 87, 88, 96, 99, 102, 106, 112, 115, 118, 125, 128, 132, 135, 138, 142, 143, 147, 148, 150, 151, 152, 153, 154, 155, 157, 175, 176, 177, 178, 179, 180, 182, 183, 184, 189, 190, 193, 195, 196, 197, 198, 216, 217, 238, 243, 247, 248, 249, 250, 251, 253, 271, 272, 273, 274, 276, 277, 278, 279, 282, 283, 284, 290, 291, 293, 295, 313, 314, 318, 319, 320, 321, 322, 323, 324, 325, 326, 327, 329, 330, 331, 332, 333, 351, 352, 361, 362, 375, 412, 425, 439], "summary": {"covered_lines": 130, "num_statements": 151, "percent_covered": 84.472049689441, "percent_covered_display": "84", "missing_lines": 21, "excluded_lines": 2, "percent_statements_covered": 86.09271523178808, "percent_statements_covered_display": "86", "num_branches": 10, "num_partial_branches": 2, "covered_branches": 6, "missing_branches": 4, "percent_branches_covered": 60.0, "percent_branches_covered_display": "60"}, "missing_lines": [292, 376, 377, 378, 379, 380, 381, 382, 396, 413, 414, 415, 419, 426, 427, 432, 433, 434, 435, 436, 440], "excluded_lines": [191, 192], "start_line": 1, "executed_branches": [[291, 293], [323, 324], [323, 325], [330, 331], [330, 332], [439, -1]], "missing_branches": [[291, 292], [380, 381], [380, 396], [439, 440]]}}}, "benchmarks\\auditability.py": {"executed_lines": [3, 5, 6, 7, 8, 9, 10, 11, 12, 13, 14, 16, 17, 18, 26, 27, 36, 37, 41, 42, 43, 44, 45, 46, 47, 50, 51, 52, 53, 54, 55, 56, 57, 58, 59, 61, 62, 63, 70, 71, 74, 75, 78, 79, 80, 83, 84, 85, 86, 89, 90, 91, 94, 100, 101, 102, 103, 104, 105, 107, 110, 111, 112, 113, 114, 117, 118, 121, 122, 123, 124, 125, 126, 127, 128, 134, 135, 136, 139, 142, 143, 144, 145, 146, 148, 149, 151, 152, 158, 161, 163, 164, 165, 167, 168, 169, 170, 171, 172, 174, 175, 176, 177, 183, 184, 186, 191, 196, 201, 206, 211, 217, 218, 219, 220, 221, 222, 223, 226, 227, 228, 232, 235, 236, 240, 241, 242, 248, 253, 257, 263, 264, 265, 271, 272, 274, 297, 298, 302, 303, 320, 335, 353], "summary": {"covered_lines": 143, "num_statements": 160, "percent_covered": 89.36170212765957, "percent_covered_display": "89", "missing_lines": 17, "excluded_lines": 0, "percent_statements_covered": 89.375, "percent_statements_covered_display": "89", "num_branches": 28, "num_partial_branches": 3, "covered_branches": 25, "missing_branches": 3, "percent_branches_covered": 89.28571428571429, "percent_branches_covered_display": "89"}, "missing_lines": [106, 137, 138, 159, 224, 225, 229, 230, 336, 337, 342, 343, 344, 345, 349, 350, 354], "excluded_lines": [], "executed_branches": [[45, 46], [45, 47], [53, 54], [53, 75], [54, 55], [54, 57], [57, 58], [57, 61], [79, -78], [79, 80], [84, -83], [84, 85], [89, 90], [89, 91], [100, 101], [100, 107], [102, 103], [102, 104], [105, 100], [112, 113], [112, 118], [158, -151], [297, 298], [297, 302], [353, -1]], "missing_branches": [[105, 106], [158, 159], [353, 354]], "functions": {"_flood_runtime": {"executed_lines": [37, 41, 42, 43, 44, 45, 46, 47], "summary": {"covered_lines": 8, "num_statements": 8, "percent_covered": 100.0, "percent_covered_display": "100", "missing_lines": 0, "excluded_lines": 0, "percent_statements_covered": 100.0, "percent_statements_covered_display": "100", "num_branches": 2, "num_partial_branches": 0, "covered_branches": 2, "missing_branches": 0, "percent_branches_covered": 100.0, "percent_branches_covered_display": "100"}, "missing_lines": [], "excluded_lines": [], "start_line": 36, "executed_branches": [[45, 46], [45, 47]], "missing_branches": []}, "_baseline_logs": {"executed_lines": [51, 52, 53, 54, 55, 56, 57, 58, 59, 61, 62, 63, 70, 71, 74, 75], "summary": {"covered_lines": 16, "num_statements": 16, "percent_covered": 100.0, "percent_covered_display": "100", "missing_lines": 0, "excluded_lines": 0, "percent_statements_covered": 100.0, "percent_statements_covered_display": "100", "num_branches": 6, "num_partial_branches": 0, "covered_branches": 6, "missing_branches": 0, "percent_branches_covered": 100.0, "percent_branches_covered_display": "100"}, "missing_lines": [], "excluded_lines": [], "start_line": 50, "executed_branches": [[53, 54], [53, 75], [54, 55], [54, 57], [57, 58], [57, 61]], "missing_branches": []}, "_verify_access": {"executed_lines": [79, 80], "summary": {"covered_lines": 2, "num_statements": 2, "percent_covered": 100.0, "percent_covered_display": "100", "missing_lines": 0, "excluded_lines": 0, "percent_statements_covered": 100.0, "percent_statements_covered_display": "100", "num_branches": 2, "num_partial_branches": 0, "covered_branches": 2, "missing_branches": 0, "percent_branches_covered": 100.0, "percent_branches_covered_display": "100"}, "missing_lines": [], "excluded_lines": [], "start_line": 78, "executed_branches": [[79, -78], [79, 80]], "missing_branches": []}, "_verify_signed": {"executed_lines": [84, 85, 86, 89, 90, 91], "summary": {"covered_lines": 6, "num_statements": 6, "percent_covered": 100.0, "percent_covered_display": "100", "missing_lines": 0, "excluded_lines": 0, "percent_statements_covered": 100.0, "percent_statements_covered_display": "100", "num_branches": 4, "num_partial_branches": 0, "covered_branches": 4, "missing_branches": 0, "percent_branches_covered": 100.0, "percent_branches_covered_display": "100"}, "missing_lines": [], "excluded_lines": [], "start_line": 83, "executed_branches": [[84, -83], [84, 85], [89, 90], [89, 91]], "missing_branches": []}, "_records_expose_fields": {"executed_lines": [100, 101, 102, 103, 104, 105, 107], "summary": {"covered_lines": 7, "num_statements": 8, "percent_covered": 85.71428571428571, "percent_covered_display": "86", "missing_lines": 1, "excluded_lines": 0, "percent_statements_covered": 87.5, "percent_statements_covered_display": "88", "num_branches": 6, "num_partial_branches": 1, "covered_branches": 5, "missing_branches": 1, "percent_branches_covered": 83.33333333333333, "percent_branches_covered_display": "83"}, "missing_lines": [106], "excluded_lines": [], "start_line": 94, "executed_branches": [[100, 101], [100, 107], [102, 103], [102, 104], [105, 100]], "missing_branches": [[105, 106]]}, "_signed_log_for": {"executed_lines": [111, 112, 113, 114, 117, 118], "summary": {"covered_lines": 6, "num_statements": 6, "percent_covered": 100.0, "percent_covered_display": "100", "missing_lines": 0, "excluded_lines": 0, "percent_statements_covered": 100.0, "percent_statements_covered_display": "100", "num_branches": 2, "num_partial_branches": 0, "covered_branches": 2, "missing_branches": 0, "percent_branches_covered": 100.0, "percent_branches_covered_display": "100"}, "missing_lines": [], "excluded_lines": [], "start_line": 110, "executed_branches": [[112, 113], [112, 118]], "missing_branches": []}, "_measure": {"executed_lines": [122, 123, 124, 125, 126, 127, 128], "summary": {"covered_lines": 7, "num_statements": 7, "percent_covered": 100.0, "percent_covered_display": "100", "missing_lines": 0, "excluded_lines": 0, "percent_statements_covered": 100.0, "percent_statements_covered_display": "100", "num_branches": 0, "num_partial_branches": 0, "covered_branches": 0, "missing_branches": 0, "percent_branches_covered": 100.0, "percent_branches_covered_display": "100"}, "missing_lines": [], "excluded_lines": [], "start_line": 121, "executed_branches": [], "missing_branches": []}, "_succeeds": {"executed_lines": [135, 136, 139], "summary": {"covered_lines": 3, "num_statements": 5, "percent_covered": 60.0, "percent_covered_display": "60", "missing_lines": 2, "excluded_lines": 0, "percent_statements_covered": 60.0, "percent_statements_covered_display": "60", "num_branches": 0, "num_partial_branches": 0, "covered_branches": 0, "missing_branches": 0, "percent_branches_covered": 100.0, "percent_branches_covered_display": "100"}, "missing_lines": [137, 138], "excluded_lines": [], "start_line": 134, "executed_branches": [], "missing_branches": []}, "run_auditability_study": {"executed_lines": [143, 144, 145, 146, 148, 149, 151, 161, 163, 164, 165, 167, 168, 169, 170, 171, 172, 174, 175, 176, 177, 183, 184, 186, 191, 196, 201, 206, 211, 217, 218, 219, 220, 221, 222, 223, 226, 227, 228, 232, 235, 236, 240, 241, 242, 248, 253, 257, 263, 264, 265, 271, 272, 274, 297, 298, 302, 303, 320], "summary": {"covered_lines": 59, "num_statements": 63, "percent_covered": 93.84615384615384, "percent_covered_display": "94", "missing_lines": 4, "excluded_lines": 0, "percent_statements_covered": 93.65079365079364, "percent_statements_covered_display": "94", "num_branches": 2, "num_partial_branches": 0, "covered_branches": 2, "missing_branches": 0, "percent_branches_covered": 100.0, "percent_branches_covered_display": "100"}, "missing_lines": [224, 225, 229, 230], "excluded_lines": [], "start_line": 142, "executed_branches": [[297, 298], [297, 302]], "missing_branches": []}, "run_auditability_study.verify_bcp1": {"executed_lines": [152, 158], "summary": {"covered_lines": 2, "num_statements": 3, "percent_covered": 60.0, "percent_covered_display": "60", "missing_lines": 1, "excluded_lines": 0, "percent_statements_covered": 66.66666666666667, "percent_statements_covered_display": "67", "num_branches": 2, "num_partial_branches": 1, "covered_branches": 1, "missing_branches": 1, "percent_branches_covered": 50.0, "percent_branches_covered_display": "50"}, "missing_lines": [159], "excluded_lines": [], "start_line": 151, "executed_branches": [[158, -151]], "missing_branches": [[158, 159]]}, "main": {"executed_lines": [], "summary": {"covered_lines": 0, "num_statements": 8, "percent_covered": 0.0, "percent_covered_display": "0", "missing_lines": 8, "excluded_lines": 0, "percent_statements_covered": 0.0, "percent_statements_covered_display": "0", "num_branches": 0, "num_partial_branches": 0, "covered_branches": 0, "missing_branches": 0, "percent_branches_covered": 100.0, "percent_branches_covered_display": "100"}, "missing_lines": [336, 337, 342, 343, 344, 345, 349, 350], "excluded_lines": [], "start_line": 335, "executed_branches": [], "missing_branches": []}, "": {"executed_lines": [3, 5, 6, 7, 8, 9, 10, 11, 12, 13, 14, 16, 17, 18, 26, 27, 36, 50, 78, 83, 94, 110, 121, 134, 142, 335, 353], "summary": {"covered_lines": 27, "num_statements": 28, "percent_covered": 93.33333333333333, "percent_covered_display": "93", "missing_lines": 1, "excluded_lines": 0, "percent_statements_covered": 96.42857142857143, "percent_statements_covered_display": "96", "num_branches": 2, "num_partial_branches": 1, "covered_branches": 1, "missing_branches": 1, "percent_branches_covered": 50.0, "percent_branches_covered_display": "50"}, "missing_lines": [354], "excluded_lines": [], "start_line": 1, "executed_branches": [[353, -1]], "missing_branches": [[353, 354]]}}, "classes": {"": {"executed_lines": [3, 5, 6, 7, 8, 9, 10, 11, 12, 13, 14, 16, 17, 18, 26, 27, 36, 37, 41, 42, 43, 44, 45, 46, 47, 50, 51, 52, 53, 54, 55, 56, 57, 58, 59, 61, 62, 63, 70, 71, 74, 75, 78, 79, 80, 83, 84, 85, 86, 89, 90, 91, 94, 100, 101, 102, 103, 104, 105, 107, 110, 111, 112, 113, 114, 117, 118, 121, 122, 123, 124, 125, 126, 127, 128, 134, 135, 136, 139, 142, 143, 144, 145, 146, 148, 149, 151, 152, 158, 161, 163, 164, 165, 167, 168, 169, 170, 171, 172, 174, 175, 176, 177, 183, 184, 186, 191, 196, 201, 206, 211, 217, 218, 219, 220, 221, 222, 223, 226, 227, 228, 232, 235, 236, 240, 241, 242, 248, 253, 257, 263, 264, 265, 271, 272, 274, 297, 298, 302, 303, 320, 335, 353], "summary": {"covered_lines": 143, "num_statements": 160, "percent_covered": 89.36170212765957, "percent_covered_display": "89", "missing_lines": 17, "excluded_lines": 0, "percent_statements_covered": 89.375, "percent_statements_covered_display": "89", "num_branches": 28, "num_partial_branches": 3, "covered_branches": 25, "missing_branches": 3, "percent_branches_covered": 89.28571428571429, "percent_branches_covered_display": "89"}, "missing_lines": [106, 137, 138, 159, 224, 225, 229, 230, 336, 337, 342, 343, 344, 345, 349, 350, 354], "excluded_lines": [], "start_line": 1, "executed_branches": [[45, 46], [45, 47], [53, 54], [53, 75], [54, 55], [54, 57], [57, 58], [57, 61], [79, -78], [79, 80], [84, -83], [84, 85], [89, 90], [89, 91], [100, 101], [100, 107], [102, 103], [102, 104], [105, 100], [112, 113], [112, 118], [158, -151], [297, 298], [297, 302], [353, -1]], "missing_branches": [[105, 106], [158, 159], [353, 354]]}}}}, "totals": {"covered_lines": 2038, "num_statements": 2390, "percent_covered": 80.26315789473684, "percent_covered_display": "80", "missing_lines": 352, "excluded_lines": 4, "percent_statements_covered": 85.27196652719665, "percent_statements_covered_display": "85", "num_branches": 650, "num_partial_branches": 218, "covered_branches": 402, "missing_branches": 248, "percent_branches_covered": 61.84615384615385, "percent_branches_covered_display": "62"}}