<?xml version="1.0" encoding="utf-8"?><testsuites name="pytest tests"><testsuite name="pytest" errors="0" failures="0" skipped="0" tests="32" time="7551.142" timestamp="2026-09-13T03:27:57.409439+01:00" hostname="Dell"><testcase classname="tests.test_ablation" name="test_every_ablation_fails_and_full_bcp1_passes" time="1.311" /><testcase classname="tests.test_ablation" name="test_ablation_result_document_reports_measured_failures" time="1.031" /><testcase classname="tests.test_api" name="test_demo_api_dispatches_an_allowed_action" time="0.194" /><testcase classname="tests.test_api" name="test_demo_api_reports_canary_containment_and_receipt" time="0.135" /><testcase classname="tests.test_api" name="test_agent_api_rejects_oversized_body_before_json_parsing" time="0.056" /><testcase classname="tests.test_api" name="test_agent_api_rejects_non_json_media_type" time="0.064" /><testcase classname="tests.test_auditability" name="test_bcp1_closes_measured_auditability_gap" time="7541.523" /><testcase classname="tests.test_contract" name="test_allowed_dispatch_is_single_use_and_offline_verifiable" time="0.235" /><testcase classname="tests.test_contract" name="test_canary_kills_before_dispatch_and_pages_supervisor" time="0.240" /><testcase classname="tests.test_contract" name="test_kill_epoch_invalidates_previously_allowed_capability" time="0.133" /><testcase classname="tests.test_contract" name="test_concurrent_kill_and_dispatch_are_linearized" time="0.296" /><testcase classname="tests.test_contract" name="test_kill_preempts_slow_transport_without_false_cancellation_claim" time="0.261" /><testcase classname="tests.test_contract" name="test_egress_budget_is_reserved_before_transport_and_triggers_containment" time="0.113" /><testcase classname="tests.test_contract" name="test_runtime_watchdog_contains_without_waiting_for_another_request" time="0.041" /><testcase classname="tests.test_contract" name="test_bounded_commit_admission_fails_closed_when_queue_is_full" time="0.023" /><testcase classname="tests.test_contract" name="test_evidence_commit_failure_emergency_isolates" time="0.020" /><testcase classname="tests.test_contract" name="test_url_and_redirect_ambiguity_is_rejected[change0]" time="0.003" /><testcase classname="tests.test_contract" name="test_url_and_redirect_ambiguity_is_rejected[change1]" time="0.003" /><testcase classname="tests.test_contract" name="test_url_and_redirect_ambiguity_is_rejected[change2]" time="0.004" /><testcase classname="tests.test_contract" name="test_url_and_redirect_ambiguity_is_rejected[change3]" time="0.003" /><testcase classname="tests.test_contract" name="test_url_and_redirect_ambiguity_is_rejected[change4]" time="0.003" /><testcase classname="tests.test_contract" name="test_resolved_ip_and_spki_are_bound_to_policy" time="0.086" /><testcase classname="tests.test_contract" name="test_strict_json_rejects_duplicate_keys_floats_and_non_nfc" time="0.003" /><testcase classname="tests.test_contract" name="test_unauthenticated_second_hop_fails_preflight" time="0.003" /><testcase classname="tests.test_contract" name="test_second_hop_preflight_binds_provider_signature_and_evidence" time="0.032" /><testcase classname="tests.test_contract" name="test_50000_request_flood_has_constant_evidence_growth" time="0.497" /><testcase classname="tests.test_contract" name="test_truncation_reorder_and_tampering_fail_offline_audit" time="0.241" /><testcase classname="tests.test_contract" name="test_semantic_auditor_rejects_garbage_forgery_and_orphans[DISPATCH-payload0]" time="0.122" /><testcase classname="tests.test_contract" name="test_semantic_auditor_rejects_garbage_forgery_and_orphans[DISPATCH-payload1]" time="0.123" /><testcase classname="tests.test_contract" name="test_semantic_auditor_rejects_garbage_forgery_and_orphans[RESULT-payload2]" time="0.136" /><testcase classname="tests.test_contract" name="test_operator_key_substitution_and_witness_equivocation_fail" time="0.025" /><testcase classname="tests.test_scenarios" name="test_all_judge_facing_scenarios_pass" time="0.658" /></testsuite></testsuites>